2026-02-07 13:44:43,674 [INFO] main: === KOSPI Big10 IBS Trading System ===
2026-02-07 13:44:43,674 [INFO] main: App launched at 13:44:43
2026-02-07 13:44:43,676 [WARNING] main: core_engine not found; using empty data source
2026-02-07 13:44:43,677 [INFO] main: Running CLI backtest...
2026-02-07 13:44:43,677 [WARNING] plugins.data_source: No data method found for 005930
2026-02-07 13:44:43,680 [WARNING] core.engine: 005930: 데이터 없음
2026-02-07 13:44:43,680 [WARNING] main: [005930] Backtest returned None
2026-02-07 13:44:43,681 [WARNING] plugins.data_source: No data method found for 000660
2026-02-07 13:44:43,681 [WARNING] core.engine: 000660: 데이터 없음
2026-02-07 13:44:43,682 [WARNING] main: [000660] Backtest returned None
2026-02-07 13:44:43,683 [WARNING] plugins.data_source: No data method found for 402340
2026-02-07 13:44:43,684 [WARNING] core.engine: 402340: 데이터 없음
2026-02-07 13:44:43,684 [WARNING] main: [402340] Backtest returned None
2026-02-07 13:45:40,941 [INFO] main: === KOSPI Big10 IBS Trading System ===
2026-02-07 13:45:40,941 [INFO] main: App launched at 13:45:40
2026-02-07 13:45:40,943 [WARNING] main: core_engine not found; using empty data source
2026-02-07 13:45:40,943 [INFO] main: Running CLI backtest...
2026-02-07 13:45:40,943 [WARNING] plugins.data_source: No data method found for 005930
2026-02-07 13:45:40,946 [WARNING] core.engine: 005930: 데이터 없음
2026-02-07 13:45:40,946 [WARNING] main: [005930] Backtest returned None
2026-02-07 13:45:40,946 [WARNING] plugins.data_source: No data method found for 000660
2026-02-07 13:45:40,947 [WARNING] core.engine: 000660: 데이터 없음
2026-02-07 13:45:40,947 [WARNING] main: [000660] Backtest returned None
2026-02-07 13:45:40,947 [WARNING] plugins.data_source: No data method found for 402340
2026-02-07 13:45:40,948 [WARNING] core.engine: 402340: 데이터 없음
2026-02-07 13:45:40,948 [WARNING] main: [402340] Backtest returned None
2026-02-07 13:58:01,337 [INFO] main: === KOSPI Big10 IBS Trading System ===
2026-02-07 13:58:01,338 [INFO] main: App launched at 13:58:01
2026-02-07 13:59:02,763 [INFO] main: === KOSPI Big10 IBS Trading System ===
2026-02-07 13:59:02,763 [INFO] main: App launched at 13:59:02
2026-02-07 13:59:03,899 [WARNING] plugins.data_source: MySQL connection failed: (pymysql.err.OperationalError) (1045, "Access denied for user 'root'@'localhost' (using password: NO)")
(Background on this error at: https://sqlalche.me/e/20/e3q8)
2026-02-07 13:59:03,931 [INFO] plugins.data_source: CompositeDataSource: active sources = ['Cybos', 'Kiwoom']
2026-02-07 13:59:03,931 [INFO] main: Running CLI backtest...
2026-02-07 13:59:04,250 [INFO] plugins.data_source: Cybos index: KOSPI loaded 121 rows
2026-02-07 13:59:04,284 [INFO] main: [005930] Return: 55.20% | Trades: 7 | Win: 57.1% | Sharpe: 2.3914 | MDD: -11.60%
2026-02-07 13:59:04,564 [INFO] plugins.data_source: Cybos index: KOSPI loaded 121 rows
2026-02-07 13:59:04,600 [WARNING] core.risk: RiskManager: 3 consecutive losses, order rejected
2026-02-07 13:59:04,604 [WARNING] core.risk: RiskManager: circuit breaker active, order rejected
2026-02-07 13:59:04,606 [WARNING] core.risk: RiskManager: circuit breaker active, order rejected
2026-02-07 13:59:04,608 [INFO] main: [000660] Return: 21.17% | Trades: 6 | Win: 50.0% | Sharpe: 1.9922 | MDD: -16.20%
2026-02-07 13:59:04,892 [INFO] plugins.data_source: Cybos index: KOSPI loaded 121 rows
2026-02-07 13:59:04,908 [WARNING] core.risk: RiskManager: circuit breaker active, order rejected
2026-02-07 13:59:04,910 [WARNING] core.risk: RiskManager: circuit breaker active, order rejected
2026-02-07 13:59:04,913 [WARNING] core.risk: RiskManager: circuit breaker active, order rejected
2026-02-07 13:59:04,914 [WARNING] core.risk: RiskManager: circuit breaker active, order rejected
2026-02-07 13:59:04,915 [WARNING] core.risk: RiskManager: circuit breaker active, order rejected
2026-02-07 13:59:04,917 [WARNING] core.risk: RiskManager: circuit breaker active, order rejected
2026-02-07 13:59:04,918 [WARNING] core.risk: RiskManager: circuit breaker active, order rejected
2026-02-07 13:59:04,919 [WARNING] core.risk: RiskManager: circuit breaker active, order rejected
2026-02-07 13:59:04,920 [WARNING] core.risk: RiskManager: circuit breaker active, order rejected
2026-02-07 13:59:04,921 [WARNING] core.risk: RiskManager: circuit breaker active, order rejected
2026-02-07 13:59:04,922 [WARNING] core.risk: RiskManager: circuit breaker active, order rejected
2026-02-07 13:59:04,923 [WARNING] core.risk: RiskManager: circuit breaker active, order rejected
2026-02-07 13:59:04,925 [WARNING] core.risk: RiskManager: circuit breaker active, order rejected
2026-02-07 13:59:04,927 [WARNING] core.risk: RiskManager: circuit breaker active, order rejected
2026-02-07 13:59:04,929 [WARNING] core.risk: RiskManager: circuit breaker active, order rejected
2026-02-07 13:59:04,930 [INFO] main: [402340] Return: 0.00% | Trades: 0 | Win: 0.0% | Sharpe: 0.0000 | MDD: 0.00%
2026-02-07 13:59:05,220 [INFO] plugins.data_source: Cybos index: KOSPI loaded 121 rows
2026-02-07 13:59:05,234 [WARNING] core.risk: RiskManager: circuit breaker active, order rejected
2026-02-07 13:59:05,239 [WARNING] core.risk: RiskManager: circuit breaker active, order rejected
2026-02-07 13:59:05,240 [WARNING] core.risk: RiskManager: circuit breaker active, order rejected
2026-02-07 13:59:05,243 [WARNING] core.risk: RiskManager: circuit breaker active, order rejected
2026-02-07 13:59:05,246 [WARNING] core.risk: RiskManager: circuit breaker active, order rejected
2026-02-07 13:59:05,248 [INFO] main: [005380] Return: 0.00% | Trades: 0 | Win: 0.0% | Sharpe: 0.0000 | MDD: 0.00%
2026-02-07 13:59:05,516 [INFO] plugins.data_source: Cybos index: KOSPI loaded 121 rows
2026-02-07 13:59:05,527 [WARNING] core.risk: RiskManager: circuit breaker active, order rejected
2026-02-07 13:59:05,528 [WARNING] core.risk: RiskManager: circuit breaker active, order rejected
2026-02-07 13:59:05,530 [WARNING] core.risk: RiskManager: circuit breaker active, order rejected
2026-02-07 13:59:05,533 [WARNING] core.risk: RiskManager: circuit breaker active, order rejected
2026-02-07 13:59:05,539 [WARNING] core.risk: RiskManager: circuit breaker active, order rejected
2026-02-07 13:59:05,540 [WARNING] core.risk: RiskManager: circuit breaker active, order rejected
2026-02-07 13:59:05,541 [INFO] main: [329180] Return: 0.00% | Trades: 0 | Win: 0.0% | Sharpe: 0.0000 | MDD: 0.00%
2026-02-07 13:59:05,541 [INFO] main: === Backtest Complete ===
2026-02-07 13:59:26,533 [INFO] main: === KOSPI Big10 IBS Trading System ===
2026-02-07 13:59:26,534 [INFO] main: App launched at 13:59:26
2026-02-07 13:59:27,016 [WARNING] plugins.data_source: MySQL connection failed: Not an executable object: 'SELECT 1'
2026-02-07 13:59:27,044 [INFO] plugins.data_source: CompositeDataSource: active sources = ['Cybos', 'Kiwoom']
2026-02-07 13:59:27,045 [INFO] main: Running CLI backtest...
2026-02-07 13:59:27,359 [INFO] plugins.data_source: Cybos index: KOSPI loaded 121 rows
2026-02-07 13:59:27,399 [INFO] main: [005930] Return: 55.20% | Trades: 7 | Win: 57.1% | Sharpe: 2.3914 | MDD: -11.60%
2026-02-07 13:59:27,692 [INFO] plugins.data_source: Cybos index: KOSPI loaded 121 rows
2026-02-07 13:59:27,717 [WARNING] core.risk: RiskManager: 3 consecutive losses, order rejected
2026-02-07 13:59:27,722 [WARNING] core.risk: RiskManager: circuit breaker active, order rejected
2026-02-07 13:59:27,724 [WARNING] core.risk: RiskManager: circuit breaker active, order rejected
2026-02-07 13:59:27,726 [INFO] main: [000660] Return: 21.17% | Trades: 6 | Win: 50.0% | Sharpe: 1.9922 | MDD: -16.20%
2026-02-07 13:59:28,011 [INFO] plugins.data_source: Cybos index: KOSPI loaded 121 rows
2026-02-07 13:59:28,031 [WARNING] core.risk: RiskManager: circuit breaker active, order rejected
2026-02-07 13:59:28,032 [WARNING] core.risk: RiskManager: circuit breaker active, order rejected
2026-02-07 13:59:28,034 [WARNING] core.risk: RiskManager: circuit breaker active, order rejected
2026-02-07 13:59:28,035 [WARNING] core.risk: RiskManager: circuit breaker active, order rejected
2026-02-07 13:59:28,036 [WARNING] core.risk: RiskManager: circuit breaker active, order rejected
2026-02-07 13:59:28,038 [WARNING] core.risk: RiskManager: circuit breaker active, order rejected
2026-02-07 13:59:28,038 [WARNING] core.risk: RiskManager: circuit breaker active, order rejected
2026-02-07 13:59:28,039 [WARNING] core.risk: RiskManager: circuit breaker active, order rejected
2026-02-07 13:59:28,040 [WARNING] core.risk: RiskManager: circuit breaker active, order rejected
2026-02-07 13:59:28,040 [WARNING] core.risk: RiskManager: circuit breaker active, order rejected
2026-02-07 13:59:28,041 [WARNING] core.risk: RiskManager: circuit breaker active, order rejected
2026-02-07 13:59:28,042 [WARNING] core.risk: RiskManager: circuit breaker active, order rejected
2026-02-07 13:59:28,043 [WARNING] core.risk: RiskManager: circuit breaker active, order rejected
2026-02-07 13:59:28,045 [WARNING] core.risk: RiskManager: circuit breaker active, order rejected
2026-02-07 13:59:28,047 [WARNING] core.risk: RiskManager: circuit breaker active, order rejected
2026-02-07 13:59:28,048 [INFO] main: [402340] Return: 0.00% | Trades: 0 | Win: 0.0% | Sharpe: 0.0000 | MDD: 0.00%
2026-02-07 13:59:28,339 [INFO] plugins.data_source: Cybos index: KOSPI loaded 121 rows
2026-02-07 13:59:28,350 [WARNING] core.risk: RiskManager: circuit breaker active, order rejected
2026-02-07 13:59:28,355 [WARNING] core.risk: RiskManager: circuit breaker active, order rejected
2026-02-07 13:59:28,356 [WARNING] core.risk: RiskManager: circuit breaker active, order rejected
2026-02-07 13:59:28,359 [WARNING] core.risk: RiskManager: circuit breaker active, order rejected
2026-02-07 13:59:28,362 [WARNING] core.risk: RiskManager: circuit breaker active, order rejected
2026-02-07 13:59:28,364 [INFO] main: [005380] Return: 0.00% | Trades: 0 | Win: 0.0% | Sharpe: 0.0000 | MDD: 0.00%
2026-02-07 13:59:28,669 [INFO] plugins.data_source: Cybos index: KOSPI loaded 121 rows
2026-02-07 13:59:28,690 [WARNING] core.risk: RiskManager: circuit breaker active, order rejected
2026-02-07 13:59:28,691 [WARNING] core.risk: RiskManager: circuit breaker active, order rejected
2026-02-07 13:59:28,693 [WARNING] core.risk: RiskManager: circuit breaker active, order rejected
2026-02-07 13:59:28,696 [WARNING] core.risk: RiskManager: circuit breaker active, order rejected
2026-02-07 13:59:28,702 [WARNING] core.risk: RiskManager: circuit breaker active, order rejected
2026-02-07 13:59:28,703 [WARNING] core.risk: RiskManager: circuit breaker active, order rejected
2026-02-07 13:59:28,704 [INFO] main: [329180] Return: 0.00% | Trades: 0 | Win: 0.0% | Sharpe: 0.0000 | MDD: 0.00%
2026-02-07 13:59:28,704 [INFO] main: === Backtest Complete ===
2026-02-07 14:05:20,852 [INFO] main: === KOSPI Big10 IBS Trading System ===
2026-02-07 14:05:20,852 [INFO] main: App launched at 14:05:20
2026-02-07 14:05:21,344 [INFO] plugins.data_source: MySQL connected: localhost:3306/stock_info
2026-02-07 14:05:21,374 [INFO] plugins.data_source: CompositeDataSource: active sources = ['MySQL', 'Cybos', 'Kiwoom']
2026-02-07 14:05:21,374 [INFO] main: Running CLI backtest...
2026-02-07 14:05:21,393 [INFO] plugins.data_source: MySQL: 005930 loaded 121 rows (2025-08-11 ~ 2026-02-07)
2026-02-07 14:05:21,549 [INFO] plugins.data_source: Cybos index: KOSPI loaded 121 rows
2026-02-07 14:05:21,579 [INFO] main: [005930] Return: 55.20% | Trades: 7 | Win: 57.1% | Sharpe: 2.3914 | MDD: -11.60%
2026-02-07 14:05:21,589 [INFO] plugins.data_source: MySQL: 000660 loaded 121 rows (2025-08-11 ~ 2026-02-07)
2026-02-07 14:05:21,725 [INFO] plugins.data_source: Cybos index: KOSPI loaded 121 rows
2026-02-07 14:05:21,746 [WARNING] core.risk: RiskManager: 3 consecutive losses, order rejected
2026-02-07 14:05:21,751 [WARNING] core.risk: RiskManager: circuit breaker active, order rejected
2026-02-07 14:05:21,753 [WARNING] core.risk: RiskManager: circuit breaker active, order rejected
2026-02-07 14:05:21,755 [INFO] main: [000660] Return: 21.17% | Trades: 6 | Win: 50.0% | Sharpe: 1.9922 | MDD: -16.20%
2026-02-07 14:05:21,766 [INFO] plugins.data_source: MySQL: 402340 loaded 121 rows (2025-08-11 ~ 2026-02-07)
2026-02-07 14:05:21,908 [INFO] plugins.data_source: Cybos index: KOSPI loaded 121 rows
2026-02-07 14:05:21,920 [WARNING] core.risk: RiskManager: daily loss limit hit
2026-02-07 14:05:21,922 [WARNING] core.risk: RiskManager: circuit breaker active, order rejected
2026-02-07 14:05:21,923 [WARNING] core.risk: RiskManager: circuit breaker active, order rejected
2026-02-07 14:05:21,924 [WARNING] core.risk: RiskManager: circuit breaker active, order rejected
2026-02-07 14:05:21,926 [WARNING] core.risk: RiskManager: circuit breaker active, order rejected
2026-02-07 14:05:21,926 [WARNING] core.risk: RiskManager: circuit breaker active, order rejected
2026-02-07 14:05:21,927 [WARNING] core.risk: RiskManager: circuit breaker active, order rejected
2026-02-07 14:05:21,928 [WARNING] core.risk: RiskManager: circuit breaker active, order rejected
2026-02-07 14:05:21,928 [WARNING] core.risk: RiskManager: circuit breaker active, order rejected
2026-02-07 14:05:21,929 [WARNING] core.risk: RiskManager: circuit breaker active, order rejected
2026-02-07 14:05:21,930 [WARNING] core.risk: RiskManager: circuit breaker active, order rejected
2026-02-07 14:05:21,931 [WARNING] core.risk: RiskManager: circuit breaker active, order rejected
2026-02-07 14:05:21,933 [WARNING] core.risk: RiskManager: circuit breaker active, order rejected
2026-02-07 14:05:21,935 [WARNING] core.risk: RiskManager: circuit breaker active, order rejected
2026-02-07 14:05:21,936 [INFO] main: [402340] Return: -4.87% | Trades: 1 | Win: 0.0% | Sharpe: 0.0000 | MDD: -4.88%
2026-02-07 14:05:21,947 [INFO] plugins.data_source: MySQL: 005380 loaded 121 rows (2025-08-11 ~ 2026-02-07)
2026-02-07 14:05:22,101 [INFO] plugins.data_source: Cybos index: KOSPI loaded 121 rows
2026-02-07 14:05:22,125 [INFO] main: [005380] Return: 11.08% | Trades: 5 | Win: 40.0% | Sharpe: 0.9945 | MDD: -14.38%
2026-02-07 14:05:22,135 [INFO] plugins.data_source: MySQL: 329180 loaded 121 rows (2025-08-11 ~ 2026-02-07)
2026-02-07 14:05:22,266 [INFO] plugins.data_source: Cybos index: KOSPI loaded 121 rows
2026-02-07 14:05:22,297 [INFO] main: [329180] Return: 0.19% | Trades: 6 | Win: 33.3% | Sharpe: 0.1858 | MDD: -20.55%
2026-02-07 14:05:22,297 [INFO] main: === Backtest Complete ===
2026-02-07 14:06:00,904 [INFO] main: === KOSPI Big10 IBS Trading System ===
2026-02-07 14:06:00,904 [INFO] main: App launched at 14:06:00
2026-02-07 14:06:01,386 [INFO] plugins.data_source: MySQL connected: localhost:3306/stock_info
2026-02-07 14:06:01,396 [INFO] plugins.data_source: CompositeDataSource: active sources = ['MySQL', 'Cybos', 'Kiwoom']
2026-02-07 14:06:01,396 [INFO] main: Running CLI backtest...
2026-02-07 14:06:01,415 [INFO] plugins.data_source: MySQL: 005930 loaded 121 rows (2025-08-11 ~ 2026-02-07)
2026-02-07 14:06:01,578 [INFO] plugins.data_source: Cybos index: KOSPI loaded 121 rows
2026-02-07 14:06:01,611 [INFO] main: [005930] Return: 55.20% | Trades: 7 | Win: 57.1% | Sharpe: 2.3914 | MDD: -11.60%
2026-02-07 14:06:01,620 [INFO] plugins.data_source: MySQL: 000660 loaded 121 rows (2025-08-11 ~ 2026-02-07)
2026-02-07 14:06:01,832 [INFO] plugins.data_source: Cybos index: KOSPI loaded 121 rows
2026-02-07 14:06:01,846 [WARNING] core.risk: RiskManager: 3 consecutive losses, order rejected
2026-02-07 14:06:01,849 [WARNING] core.risk: RiskManager: circuit breaker active, order rejected
2026-02-07 14:06:01,851 [WARNING] core.risk: RiskManager: circuit breaker active, order rejected
2026-02-07 14:06:01,852 [INFO] main: [000660] Return: 21.17% | Trades: 6 | Win: 50.0% | Sharpe: 1.9922 | MDD: -16.20%
2026-02-07 14:06:01,862 [INFO] plugins.data_source: MySQL: 402340 loaded 121 rows (2025-08-11 ~ 2026-02-07)
2026-02-07 14:06:02,050 [INFO] plugins.data_source: Cybos index: KOSPI loaded 121 rows
2026-02-07 14:06:02,065 [WARNING] core.risk: RiskManager: daily loss limit hit
2026-02-07 14:06:02,068 [WARNING] core.risk: RiskManager: circuit breaker active, order rejected
2026-02-07 14:06:02,069 [WARNING] core.risk: RiskManager: circuit breaker active, order rejected
2026-02-07 14:06:02,071 [WARNING] core.risk: RiskManager: circuit breaker active, order rejected
2026-02-07 14:06:02,073 [WARNING] core.risk: RiskManager: circuit breaker active, order rejected
2026-02-07 14:06:02,073 [WARNING] core.risk: RiskManager: circuit breaker active, order rejected
2026-02-07 14:06:02,074 [WARNING] core.risk: RiskManager: circuit breaker active, order rejected
2026-02-07 14:06:02,075 [WARNING] core.risk: RiskManager: circuit breaker active, order rejected
2026-02-07 14:06:02,076 [WARNING] core.risk: RiskManager: circuit breaker active, order rejected
2026-02-07 14:06:02,076 [WARNING] core.risk: RiskManager: circuit breaker active, order rejected
2026-02-07 14:06:02,078 [WARNING] core.risk: RiskManager: circuit breaker active, order rejected
2026-02-07 14:06:02,079 [WARNING] core.risk: RiskManager: circuit breaker active, order rejected
2026-02-07 14:06:02,081 [WARNING] core.risk: RiskManager: circuit breaker active, order rejected
2026-02-07 14:06:02,083 [WARNING] core.risk: RiskManager: circuit breaker active, order rejected
2026-02-07 14:06:02,084 [INFO] main: [402340] Return: -4.87% | Trades: 1 | Win: 0.0% | Sharpe: 0.0000 | MDD: -4.88%
2026-02-07 14:06:02,094 [INFO] plugins.data_source: MySQL: 005380 loaded 121 rows (2025-08-11 ~ 2026-02-07)
2026-02-07 14:06:02,341 [INFO] plugins.data_source: Cybos index: KOSPI loaded 121 rows
2026-02-07 14:06:02,365 [INFO] main: [005380] Return: 11.08% | Trades: 5 | Win: 40.0% | Sharpe: 0.9945 | MDD: -14.38%
2026-02-07 14:06:02,375 [INFO] plugins.data_source: MySQL: 329180 loaded 121 rows (2025-08-11 ~ 2026-02-07)
2026-02-07 14:06:02,575 [INFO] plugins.data_source: Cybos index: KOSPI loaded 121 rows
2026-02-07 14:06:02,605 [INFO] main: [329180] Return: 0.19% | Trades: 6 | Win: 33.3% | Sharpe: 0.1858 | MDD: -20.55%
2026-02-07 14:06:02,605 [INFO] main: === Backtest Complete ===
2026-02-07 14:13:08,652 [INFO] main: === KOSPI Big10 IBS Trading System ===
2026-02-07 14:13:08,653 [INFO] main: App launched at 14:13:08
2026-02-07 14:13:09,180 [INFO] plugins.data_source: MySQL connected: localhost:3306/stock_info
2026-02-07 14:13:09,191 [INFO] plugins.data_source: CompositeDataSource: active sources = ['MySQL', 'Cybos', 'Kiwoom']
2026-02-07 14:13:09,191 [INFO] main: Running CLI backtest...
2026-02-07 14:13:09,214 [INFO] plugins.data_source: MySQL: 005930 loaded 121 rows (2025-08-11 ~ 2026-02-07)
2026-02-07 14:13:09,388 [INFO] plugins.data_source: Cybos index: KOSPI loaded 121 rows
2026-02-07 14:13:09,402 [ERROR] core.engine: BacktestEngine.run(005930) error: 'numpy.timedelta64' object has no attribute 'days'
Traceback (most recent call last):
  File "E:\Kospi\kospi_big10_ibs\core\engine.py", line 98, in run
    result = self._simulate(df, signals, code, initial_capital, regime)
             ^^^^^^^^^^^^^^^^^^^^^^^^^^^^^^^^^^^^^^^^^^^^^^^^^^^^^^^^^^
  File "E:\Kospi\kospi_big10_ibs\core\engine.py", line 301, in _simulate
    return calc_metrics(code, trades, capital, eq_series)
           ^^^^^^^^^^^^^^^^^^^^^^^^^^^^^^^^^^^^^^^^^^^^^^
  File "E:\Kospi\kospi_big10_ibs\core\metrics.py", line 42, in calc_metrics
    sharpe = (mean_r / std_r * math.sqrt(252 / max(1, _avg_days(trades)))) if std_r > 0 else 0.0
                                                      ^^^^^^^^^^^^^^^^^
  File "E:\Kospi\kospi_big10_ibs\core\metrics.py", line 71, in _avg_days
    d = (t.exit_date - t.entry_date).days
        ^^^^^^^^^^^^^^^^^^^^^^^^^^^^^^^^^
AttributeError: 'numpy.timedelta64' object has no attribute 'days'

2026-02-07 14:13:09,409 [WARNING] main: [005930] Backtest returned None
2026-02-07 14:13:09,419 [INFO] plugins.data_source: MySQL: 000660 loaded 121 rows (2025-08-11 ~ 2026-02-07)
2026-02-07 14:13:09,591 [INFO] plugins.data_source: Cybos index: KOSPI loaded 121 rows
2026-02-07 14:13:09,603 [ERROR] core.engine: BacktestEngine.run(000660) error: 'numpy.timedelta64' object has no attribute 'days'
Traceback (most recent call last):
  File "E:\Kospi\kospi_big10_ibs\core\engine.py", line 98, in run
    result = self._simulate(df, signals, code, initial_capital, regime)
             ^^^^^^^^^^^^^^^^^^^^^^^^^^^^^^^^^^^^^^^^^^^^^^^^^^^^^^^^^^
  File "E:\Kospi\kospi_big10_ibs\core\engine.py", line 301, in _simulate
    return calc_metrics(code, trades, capital, eq_series)
           ^^^^^^^^^^^^^^^^^^^^^^^^^^^^^^^^^^^^^^^^^^^^^^
  File "E:\Kospi\kospi_big10_ibs\core\metrics.py", line 42, in calc_metrics
    sharpe = (mean_r / std_r * math.sqrt(252 / max(1, _avg_days(trades)))) if std_r > 0 else 0.0
                                                      ^^^^^^^^^^^^^^^^^
  File "E:\Kospi\kospi_big10_ibs\core\metrics.py", line 71, in _avg_days
    d = (t.exit_date - t.entry_date).days
        ^^^^^^^^^^^^^^^^^^^^^^^^^^^^^^^^^
AttributeError: 'numpy.timedelta64' object has no attribute 'days'

2026-02-07 14:13:09,610 [WARNING] main: [000660] Backtest returned None
2026-02-07 14:13:09,621 [INFO] plugins.data_source: MySQL: 402340 loaded 121 rows (2025-08-11 ~ 2026-02-07)
2026-02-07 14:13:09,802 [INFO] plugins.data_source: Cybos index: KOSPI loaded 121 rows
2026-02-07 14:13:09,814 [ERROR] core.engine: BacktestEngine.run(402340) error: 'numpy.timedelta64' object has no attribute 'days'
Traceback (most recent call last):
  File "E:\Kospi\kospi_big10_ibs\core\engine.py", line 98, in run
    result = self._simulate(df, signals, code, initial_capital, regime)
             ^^^^^^^^^^^^^^^^^^^^^^^^^^^^^^^^^^^^^^^^^^^^^^^^^^^^^^^^^^
  File "E:\Kospi\kospi_big10_ibs\core\engine.py", line 301, in _simulate
    return calc_metrics(code, trades, capital, eq_series)
           ^^^^^^^^^^^^^^^^^^^^^^^^^^^^^^^^^^^^^^^^^^^^^^
  File "E:\Kospi\kospi_big10_ibs\core\metrics.py", line 42, in calc_metrics
    sharpe = (mean_r / std_r * math.sqrt(252 / max(1, _avg_days(trades)))) if std_r > 0 else 0.0
                                                      ^^^^^^^^^^^^^^^^^
  File "E:\Kospi\kospi_big10_ibs\core\metrics.py", line 71, in _avg_days
    d = (t.exit_date - t.entry_date).days
        ^^^^^^^^^^^^^^^^^^^^^^^^^^^^^^^^^
AttributeError: 'numpy.timedelta64' object has no attribute 'days'

2026-02-07 14:13:09,819 [WARNING] main: [402340] Backtest returned None
2026-02-07 14:13:09,831 [INFO] plugins.data_source: MySQL: 005380 loaded 121 rows (2025-08-11 ~ 2026-02-07)
2026-02-07 14:13:10,034 [INFO] plugins.data_source: Cybos index: KOSPI loaded 121 rows
2026-02-07 14:13:10,045 [ERROR] core.engine: BacktestEngine.run(005380) error: 'numpy.timedelta64' object has no attribute 'days'
Traceback (most recent call last):
  File "E:\Kospi\kospi_big10_ibs\core\engine.py", line 98, in run
    result = self._simulate(df, signals, code, initial_capital, regime)
             ^^^^^^^^^^^^^^^^^^^^^^^^^^^^^^^^^^^^^^^^^^^^^^^^^^^^^^^^^^
  File "E:\Kospi\kospi_big10_ibs\core\engine.py", line 301, in _simulate
    return calc_metrics(code, trades, capital, eq_series)
           ^^^^^^^^^^^^^^^^^^^^^^^^^^^^^^^^^^^^^^^^^^^^^^
  File "E:\Kospi\kospi_big10_ibs\core\metrics.py", line 42, in calc_metrics
    sharpe = (mean_r / std_r * math.sqrt(252 / max(1, _avg_days(trades)))) if std_r > 0 else 0.0
                                                      ^^^^^^^^^^^^^^^^^
  File "E:\Kospi\kospi_big10_ibs\core\metrics.py", line 71, in _avg_days
    d = (t.exit_date - t.entry_date).days
        ^^^^^^^^^^^^^^^^^^^^^^^^^^^^^^^^^
AttributeError: 'numpy.timedelta64' object has no attribute 'days'

2026-02-07 14:13:10,053 [WARNING] main: [005380] Backtest returned None
2026-02-07 14:13:10,064 [INFO] plugins.data_source: MySQL: 329180 loaded 121 rows (2025-08-11 ~ 2026-02-07)
2026-02-07 14:13:10,255 [INFO] plugins.data_source: Cybos index: KOSPI loaded 121 rows
2026-02-07 14:13:10,266 [ERROR] core.engine: BacktestEngine.run(329180) error: 'numpy.timedelta64' object has no attribute 'days'
Traceback (most recent call last):
  File "E:\Kospi\kospi_big10_ibs\core\engine.py", line 98, in run
    result = self._simulate(df, signals, code, initial_capital, regime)
             ^^^^^^^^^^^^^^^^^^^^^^^^^^^^^^^^^^^^^^^^^^^^^^^^^^^^^^^^^^
  File "E:\Kospi\kospi_big10_ibs\core\engine.py", line 301, in _simulate
    return calc_metrics(code, trades, capital, eq_series)
           ^^^^^^^^^^^^^^^^^^^^^^^^^^^^^^^^^^^^^^^^^^^^^^
  File "E:\Kospi\kospi_big10_ibs\core\metrics.py", line 42, in calc_metrics
    sharpe = (mean_r / std_r * math.sqrt(252 / max(1, _avg_days(trades)))) if std_r > 0 else 0.0
                                                      ^^^^^^^^^^^^^^^^^
  File "E:\Kospi\kospi_big10_ibs\core\metrics.py", line 71, in _avg_days
    d = (t.exit_date - t.entry_date).days
        ^^^^^^^^^^^^^^^^^^^^^^^^^^^^^^^^^
AttributeError: 'numpy.timedelta64' object has no attribute 'days'

2026-02-07 14:13:10,317 [WARNING] main: [329180] Backtest returned None
2026-02-07 14:13:10,343 [INFO] main: === Backtest Complete ===
2026-02-07 14:13:30,344 [INFO] main: === KOSPI Big10 IBS Trading System ===
2026-02-07 14:13:30,344 [INFO] main: App launched at 14:13:30
2026-02-07 14:13:30,918 [INFO] plugins.data_source: MySQL connected: localhost:3306/stock_info
2026-02-07 14:13:30,928 [INFO] plugins.data_source: CompositeDataSource: active sources = ['MySQL', 'Cybos', 'Kiwoom']
2026-02-07 14:13:30,929 [INFO] main: Running CLI backtest...
2026-02-07 14:13:30,950 [INFO] plugins.data_source: MySQL: 005930 loaded 121 rows (2025-08-11 ~ 2026-02-07)
2026-02-07 14:13:31,089 [INFO] plugins.data_source: Cybos index: KOSPI loaded 121 rows
2026-02-07 14:13:31,102 [ERROR] core.engine: BacktestEngine.run(005930) error: 'numpy.timedelta64' object has no attribute 'days'
Traceback (most recent call last):
  File "E:\Kospi\kospi_big10_ibs\core\engine.py", line 98, in run
    result = self._simulate(df, signals, code, initial_capital, regime)
             ^^^^^^^^^^^^^^^^^^^^^^^^^^^^^^^^^^^^^^^^^^^^^^^^^^^^^^^^^^
  File "E:\Kospi\kospi_big10_ibs\core\engine.py", line 301, in _simulate
    return calc_metrics(code, trades, capital, eq_series)
           ^^^^^^^^^^^^^^^^^^^^^^^^^^^^^^^^^^^^^^^^^^^^^^
  File "E:\Kospi\kospi_big10_ibs\core\metrics.py", line 42, in calc_metrics
    sharpe = (mean_r / std_r * math.sqrt(252 / max(1, _avg_days(trades)))) if std_r > 0 else 0.0
                                                      ^^^^^^^^^^^^^^^^^
  File "E:\Kospi\kospi_big10_ibs\core\metrics.py", line 71, in _avg_days
    d = (t.exit_date - t.entry_date).days
        ^^^^^^^^^^^^^^^^^^^^^^^^^^^^^^^^^
AttributeError: 'numpy.timedelta64' object has no attribute 'days'

2026-02-07 14:13:31,108 [WARNING] main: [005930] Backtest returned None
2026-02-07 14:13:31,120 [INFO] plugins.data_source: MySQL: 000660 loaded 121 rows (2025-08-11 ~ 2026-02-07)
2026-02-07 14:13:31,275 [INFO] plugins.data_source: Cybos index: KOSPI loaded 121 rows
2026-02-07 14:13:31,287 [ERROR] core.engine: BacktestEngine.run(000660) error: 'numpy.timedelta64' object has no attribute 'days'
Traceback (most recent call last):
  File "E:\Kospi\kospi_big10_ibs\core\engine.py", line 98, in run
    result = self._simulate(df, signals, code, initial_capital, regime)
             ^^^^^^^^^^^^^^^^^^^^^^^^^^^^^^^^^^^^^^^^^^^^^^^^^^^^^^^^^^
  File "E:\Kospi\kospi_big10_ibs\core\engine.py", line 301, in _simulate
    return calc_metrics(code, trades, capital, eq_series)
           ^^^^^^^^^^^^^^^^^^^^^^^^^^^^^^^^^^^^^^^^^^^^^^
  File "E:\Kospi\kospi_big10_ibs\core\metrics.py", line 42, in calc_metrics
    sharpe = (mean_r / std_r * math.sqrt(252 / max(1, _avg_days(trades)))) if std_r > 0 else 0.0
                                                      ^^^^^^^^^^^^^^^^^
  File "E:\Kospi\kospi_big10_ibs\core\metrics.py", line 71, in _avg_days
    d = (t.exit_date - t.entry_date).days
        ^^^^^^^^^^^^^^^^^^^^^^^^^^^^^^^^^
AttributeError: 'numpy.timedelta64' object has no attribute 'days'

2026-02-07 14:13:31,293 [WARNING] main: [000660] Backtest returned None
2026-02-07 14:13:31,304 [INFO] plugins.data_source: MySQL: 402340 loaded 121 rows (2025-08-11 ~ 2026-02-07)
2026-02-07 14:13:31,436 [INFO] plugins.data_source: Cybos index: KOSPI loaded 121 rows
2026-02-07 14:13:31,448 [ERROR] core.engine: BacktestEngine.run(402340) error: 'numpy.timedelta64' object has no attribute 'days'
Traceback (most recent call last):
  File "E:\Kospi\kospi_big10_ibs\core\engine.py", line 98, in run
    result = self._simulate(df, signals, code, initial_capital, regime)
             ^^^^^^^^^^^^^^^^^^^^^^^^^^^^^^^^^^^^^^^^^^^^^^^^^^^^^^^^^^
  File "E:\Kospi\kospi_big10_ibs\core\engine.py", line 301, in _simulate
    return calc_metrics(code, trades, capital, eq_series)
           ^^^^^^^^^^^^^^^^^^^^^^^^^^^^^^^^^^^^^^^^^^^^^^
  File "E:\Kospi\kospi_big10_ibs\core\metrics.py", line 42, in calc_metrics
    sharpe = (mean_r / std_r * math.sqrt(252 / max(1, _avg_days(trades)))) if std_r > 0 else 0.0
                                                      ^^^^^^^^^^^^^^^^^
  File "E:\Kospi\kospi_big10_ibs\core\metrics.py", line 71, in _avg_days
    d = (t.exit_date - t.entry_date).days
        ^^^^^^^^^^^^^^^^^^^^^^^^^^^^^^^^^
AttributeError: 'numpy.timedelta64' object has no attribute 'days'

2026-02-07 14:13:31,454 [WARNING] main: [402340] Backtest returned None
2026-02-07 14:13:31,465 [INFO] plugins.data_source: MySQL: 005380 loaded 121 rows (2025-08-11 ~ 2026-02-07)
2026-02-07 14:13:31,603 [INFO] plugins.data_source: Cybos index: KOSPI loaded 121 rows
2026-02-07 14:13:31,616 [ERROR] core.engine: BacktestEngine.run(005380) error: 'numpy.timedelta64' object has no attribute 'days'
Traceback (most recent call last):
  File "E:\Kospi\kospi_big10_ibs\core\engine.py", line 98, in run
    result = self._simulate(df, signals, code, initial_capital, regime)
             ^^^^^^^^^^^^^^^^^^^^^^^^^^^^^^^^^^^^^^^^^^^^^^^^^^^^^^^^^^
  File "E:\Kospi\kospi_big10_ibs\core\engine.py", line 301, in _simulate
    return calc_metrics(code, trades, capital, eq_series)
           ^^^^^^^^^^^^^^^^^^^^^^^^^^^^^^^^^^^^^^^^^^^^^^
  File "E:\Kospi\kospi_big10_ibs\core\metrics.py", line 42, in calc_metrics
    sharpe = (mean_r / std_r * math.sqrt(252 / max(1, _avg_days(trades)))) if std_r > 0 else 0.0
                                                      ^^^^^^^^^^^^^^^^^
  File "E:\Kospi\kospi_big10_ibs\core\metrics.py", line 71, in _avg_days
    d = (t.exit_date - t.entry_date).days
        ^^^^^^^^^^^^^^^^^^^^^^^^^^^^^^^^^
AttributeError: 'numpy.timedelta64' object has no attribute 'days'

2026-02-07 14:13:31,621 [WARNING] main: [005380] Backtest returned None
2026-02-07 14:13:31,632 [INFO] plugins.data_source: MySQL: 329180 loaded 121 rows (2025-08-11 ~ 2026-02-07)
2026-02-07 14:13:31,758 [INFO] plugins.data_source: Cybos index: KOSPI loaded 121 rows
2026-02-07 14:13:31,770 [ERROR] core.engine: BacktestEngine.run(329180) error: 'numpy.timedelta64' object has no attribute 'days'
Traceback (most recent call last):
  File "E:\Kospi\kospi_big10_ibs\core\engine.py", line 98, in run
    result = self._simulate(df, signals, code, initial_capital, regime)
             ^^^^^^^^^^^^^^^^^^^^^^^^^^^^^^^^^^^^^^^^^^^^^^^^^^^^^^^^^^
  File "E:\Kospi\kospi_big10_ibs\core\engine.py", line 301, in _simulate
    return calc_metrics(code, trades, capital, eq_series)
           ^^^^^^^^^^^^^^^^^^^^^^^^^^^^^^^^^^^^^^^^^^^^^^
  File "E:\Kospi\kospi_big10_ibs\core\metrics.py", line 42, in calc_metrics
    sharpe = (mean_r / std_r * math.sqrt(252 / max(1, _avg_days(trades)))) if std_r > 0 else 0.0
                                                      ^^^^^^^^^^^^^^^^^
  File "E:\Kospi\kospi_big10_ibs\core\metrics.py", line 71, in _avg_days
    d = (t.exit_date - t.entry_date).days
        ^^^^^^^^^^^^^^^^^^^^^^^^^^^^^^^^^
AttributeError: 'numpy.timedelta64' object has no attribute 'days'

2026-02-07 14:13:31,776 [WARNING] main: [329180] Backtest returned None
2026-02-07 14:13:31,777 [INFO] main: === Backtest Complete ===
2026-02-07 14:15:00,549 [INFO] main: === KOSPI Big10 IBS Trading System ===
2026-02-07 14:15:00,549 [INFO] main: App launched at 14:15:00
2026-02-07 14:15:01,044 [INFO] plugins.data_source: MySQL connected: localhost:3306/stock_info
2026-02-07 14:15:01,074 [INFO] plugins.data_source: CompositeDataSource: active sources = ['MySQL', 'Cybos', 'Kiwoom']
2026-02-07 14:15:01,074 [INFO] main: Running CLI backtest...
2026-02-07 14:15:01,096 [INFO] plugins.data_source: MySQL: 005930 loaded 121 rows (2025-08-11 ~ 2026-02-07)
2026-02-07 14:15:01,254 [INFO] plugins.data_source: Cybos index: KOSPI loaded 121 rows
2026-02-07 14:15:01,272 [INFO] main: [005930] Return: 89.62% | Trades: 7 | Win: 71.4% | Sharpe: 3.0498 | MDD: -7.09%
2026-02-07 14:15:01,280 [INFO] plugins.data_source: MySQL: 000660 loaded 121 rows (2025-08-11 ~ 2026-02-07)
2026-02-07 14:15:01,434 [INFO] plugins.data_source: Cybos index: KOSPI loaded 121 rows
2026-02-07 14:15:01,451 [INFO] main: [000660] Return: 102.60% | Trades: 9 | Win: 66.7% | Sharpe: 2.5286 | MDD: -20.02%
2026-02-07 14:15:01,460 [INFO] plugins.data_source: MySQL: 402340 loaded 121 rows (2025-08-11 ~ 2026-02-07)
2026-02-07 14:15:01,614 [INFO] plugins.data_source: Cybos index: KOSPI loaded 121 rows
2026-02-07 14:15:01,634 [INFO] main: [402340] Return: 74.92% | Trades: 9 | Win: 55.6% | Sharpe: 1.6881 | MDD: -31.08%
2026-02-07 14:15:01,645 [INFO] plugins.data_source: MySQL: 005380 loaded 121 rows (2025-08-11 ~ 2026-02-07)
2026-02-07 14:15:01,817 [INFO] plugins.data_source: Cybos index: KOSPI loaded 121 rows
2026-02-07 14:15:01,829 [INFO] main: [005380] Return: 70.47% | Trades: 7 | Win: 71.4% | Sharpe: 3.1077 | MDD: -10.13%
2026-02-07 14:15:01,839 [INFO] plugins.data_source: MySQL: 329180 loaded 121 rows (2025-08-11 ~ 2026-02-07)
2026-02-07 14:15:01,991 [INFO] plugins.data_source: Cybos index: KOSPI loaded 121 rows
2026-02-07 14:15:02,018 [INFO] main: [329180] Return: 9.35% | Trades: 6 | Win: 50.0% | Sharpe: 0.6932 | MDD: -17.37%
2026-02-07 14:15:02,018 [INFO] main: === Backtest Complete ===
2026-02-07 14:19:54,106 [INFO] main: === KOSPI Big10 IBS Trading System ===
2026-02-07 14:19:54,106 [INFO] main: App launched at 14:19:54
2026-02-07 14:19:54,638 [INFO] plugins.data_source: MySQL connected: localhost:3306/stock_info
2026-02-07 14:19:54,667 [INFO] plugins.data_source: CompositeDataSource: active sources = ['MySQL', 'Cybos', 'Kiwoom']
2026-02-07 14:19:54,667 [INFO] main: Running CLI backtest...
2026-02-07 14:19:54,685 [INFO] plugins.data_source: MySQL: 005930 loaded 121 rows (2025-08-11 ~ 2026-02-07)
2026-02-07 14:19:54,847 [INFO] plugins.data_source: Cybos index: KOSPI loaded 121 rows
2026-02-07 14:19:54,882 [INFO] main: [005930] Return: 69.46% | Trades: 6 | Win: 66.7% | Sharpe: 2.6906 | MDD: -12.22%
2026-02-07 14:19:54,893 [INFO] plugins.data_source: MySQL: 000660 loaded 121 rows (2025-08-11 ~ 2026-02-07)
2026-02-07 14:19:55,079 [INFO] plugins.data_source: Cybos index: KOSPI loaded 121 rows
2026-02-07 14:19:55,115 [INFO] main: [000660] Return: 90.61% | Trades: 9 | Win: 66.7% | Sharpe: 2.8978 | MDD: -21.67%
2026-02-07 14:19:55,126 [INFO] plugins.data_source: MySQL: 402340 loaded 121 rows (2025-08-11 ~ 2026-02-07)
2026-02-07 14:19:55,410 [INFO] plugins.data_source: Cybos index: KOSPI loaded 121 rows
2026-02-07 14:19:55,443 [INFO] main: [402340] Return: 49.71% | Trades: 8 | Win: 50.0% | Sharpe: 1.6376 | MDD: -28.16%
2026-02-07 14:19:55,455 [INFO] plugins.data_source: MySQL: 005380 loaded 121 rows (2025-08-11 ~ 2026-02-07)
2026-02-07 14:19:55,699 [INFO] plugins.data_source: Cybos index: KOSPI loaded 121 rows
2026-02-07 14:19:55,726 [INFO] main: [005380] Return: 96.39% | Trades: 4 | Win: 100.0% | Sharpe: 3.2074 | MDD: -9.28%
2026-02-07 14:19:55,735 [INFO] plugins.data_source: MySQL: 329180 loaded 121 rows (2025-08-11 ~ 2026-02-07)
2026-02-07 14:19:55,936 [INFO] plugins.data_source: Cybos index: KOSPI loaded 121 rows
2026-02-07 14:19:55,975 [INFO] main: [329180] Return: -9.10% | Trades: 5 | Win: 40.0% | Sharpe: -0.5036 | MDD: -23.69%
2026-02-07 14:19:55,976 [INFO] main: === Backtest Complete ===
2026-02-07 14:27:55,982 [INFO] main: === KOSPI Big10 IBS Trading System ===
2026-02-07 14:27:55,982 [INFO] main: App launched at 14:27:55
2026-02-07 14:27:56,518 [INFO] plugins.data_source: MySQL connected: localhost:3306/stock_info
2026-02-07 14:27:56,529 [INFO] plugins.data_source: CompositeDataSource: active sources = ['MySQL', 'Cybos', 'Kiwoom']
2026-02-07 14:27:56,529 [INFO] main: === 스크리닝 시작: 2025-08-11 ~ 2026-02-07 ===
2026-02-07 14:27:56,669 [INFO] plugins.data_source: Cybos index: KOSPI loaded 121 rows
2026-02-07 14:27:56,669 [INFO] main: KOSPI 지수: 121행
2026-02-07 14:27:56,669 [INFO] plugins.screener: [SCREEN] 시작: 2025-08-11 ~ 2026-02-07, 풀=50, 선정=10
2026-02-07 14:27:56,694 [INFO] plugins.screener: [SCREEN] DB Level-0: 50개
2026-02-07 14:27:56,699 [INFO] plugins.screener: [SCREEN] 후보 50개 로드
2026-02-07 14:27:56,700 [INFO] plugins.screener: [SCREEN] KOSPI 지수 121행, 수익률 120행
2026-02-07 14:27:56,700 [INFO] plugins.screener: [SCREEN] 분석 중 1/50: 삼성전자(005930)
2026-02-07 14:27:56,711 [INFO] plugins.data_source: MySQL: 005930 loaded 121 rows (2025-08-11 ~ 2026-02-07)
2026-02-07 14:27:56,727 [INFO] plugins.data_source: MySQL: 000660 loaded 121 rows (2025-08-11 ~ 2026-02-07)
2026-02-07 14:27:56,742 [INFO] plugins.data_source: MySQL: 373220 loaded 121 rows (2025-08-11 ~ 2026-02-07)
2026-02-07 14:27:56,758 [INFO] plugins.data_source: MySQL: 005380 loaded 121 rows (2025-08-11 ~ 2026-02-07)
2026-02-07 14:27:56,772 [INFO] plugins.data_source: MySQL: 329180 loaded 121 rows (2025-08-11 ~ 2026-02-07)
2026-02-07 14:27:56,786 [INFO] plugins.data_source: MySQL: 012450 loaded 121 rows (2025-08-11 ~ 2026-02-07)
2026-02-07 14:27:56,799 [INFO] plugins.data_source: MySQL: 034020 loaded 121 rows (2025-08-11 ~ 2026-02-07)
2026-02-07 14:27:56,813 [INFO] plugins.data_source: MySQL: 105560 loaded 121 rows (2025-08-11 ~ 2026-02-07)
2026-02-07 14:27:56,826 [INFO] plugins.data_source: MySQL: 000270 loaded 124 rows (2025-08-11 ~ 2026-02-07)
2026-02-07 14:27:56,839 [INFO] plugins.data_source: MySQL: 068270 loaded 121 rows (2025-08-11 ~ 2026-02-07)
2026-02-07 14:27:56,843 [INFO] plugins.screener: [SCREEN] 분석 중 11/50: SK스퀘어(402340)
2026-02-07 14:27:56,852 [INFO] plugins.data_source: MySQL: 402340 loaded 121 rows (2025-08-11 ~ 2026-02-07)
2026-02-07 14:27:56,865 [INFO] plugins.data_source: MySQL: 035420 loaded 121 rows (2025-08-11 ~ 2026-02-07)
2026-02-07 14:27:56,878 [INFO] plugins.data_source: MySQL: 055550 loaded 121 rows (2025-08-11 ~ 2026-02-07)
2026-02-07 14:27:56,891 [INFO] plugins.data_source: MySQL: 028260 loaded 121 rows (2025-08-11 ~ 2026-02-07)
2026-02-07 14:27:56,904 [INFO] plugins.data_source: MySQL: 015760 loaded 121 rows (2025-08-11 ~ 2026-02-07)
2026-02-07 14:27:56,917 [INFO] plugins.data_source: MySQL: 009540 loaded 121 rows (2025-08-11 ~ 2026-02-07)
2026-02-07 14:27:56,930 [INFO] plugins.data_source: MySQL: 032830 loaded 118 rows (2025-08-11 ~ 2026-02-07)
2026-02-07 14:27:56,944 [INFO] plugins.data_source: MySQL: 267260 loaded 121 rows (2025-08-11 ~ 2026-02-07)
2026-02-07 14:27:56,957 [INFO] plugins.data_source: MySQL: 051910 loaded 121 rows (2025-08-11 ~ 2026-02-07)
2026-02-07 14:27:56,971 [INFO] plugins.data_source: MySQL: 012330 loaded 121 rows (2025-08-11 ~ 2026-02-07)
2026-02-07 14:27:56,975 [INFO] plugins.screener: [SCREEN] 분석 중 21/50: 카카오(035720)
2026-02-07 14:27:56,984 [INFO] plugins.data_source: MySQL: 035720 loaded 123 rows (2025-08-11 ~ 2026-02-07)
2026-02-07 14:27:56,999 [INFO] plugins.data_source: MySQL: 086790 loaded 121 rows (2025-08-11 ~ 2026-02-07)
2026-02-07 14:27:57,011 [INFO] plugins.data_source: MySQL: 006400 loaded 121 rows (2025-08-11 ~ 2026-02-07)
2026-02-07 14:27:57,024 [INFO] plugins.data_source: MySQL: 005490 loaded 121 rows (2025-08-11 ~ 2026-02-07)
2026-02-07 14:27:57,037 [INFO] plugins.data_source: MySQL: 010140 loaded 121 rows (2025-08-11 ~ 2026-02-07)
2026-02-07 14:27:57,050 [INFO] plugins.data_source: MySQL: 000810 loaded 121 rows (2025-08-11 ~ 2026-02-07)
2026-02-07 14:27:57,063 [INFO] plugins.data_source: MySQL: 064350 loaded 121 rows (2025-08-11 ~ 2026-02-07)
2026-02-07 14:27:57,077 [INFO] plugins.data_source: MySQL: 096770 loaded 121 rows (2025-08-11 ~ 2026-02-07)
2026-02-07 14:27:57,090 [INFO] plugins.data_source: MySQL: 298040 loaded 121 rows (2025-08-11 ~ 2026-02-07)
2026-02-07 14:27:57,104 [INFO] plugins.data_source: MySQL: 316140 loaded 121 rows (2025-08-11 ~ 2026-02-07)
2026-02-07 14:27:57,108 [INFO] plugins.screener: [SCREEN] 분석 중 31/50: 메리츠금융지주(138040)
2026-02-07 14:27:57,116 [INFO] plugins.data_source: MySQL: 138040 loaded 121 rows (2025-08-11 ~ 2026-02-07)
2026-02-07 14:27:57,130 [INFO] plugins.data_source: MySQL: 034730 loaded 121 rows (2025-08-11 ~ 2026-02-07)
2026-02-07 14:27:57,143 [INFO] plugins.data_source: MySQL: 003670 loaded 121 rows (2025-08-11 ~ 2026-02-07)
2026-02-07 14:27:57,157 [INFO] plugins.data_source: MySQL: 011200 loaded 123 rows (2025-08-11 ~ 2026-02-07)
2026-02-07 14:27:57,171 [INFO] plugins.data_source: MySQL: 033780 loaded 121 rows (2025-08-11 ~ 2026-02-07)
2026-02-07 14:27:57,183 [INFO] plugins.data_source: MySQL: 024110 loaded 118 rows (2025-08-11 ~ 2026-02-07)
2026-02-07 14:27:57,196 [INFO] plugins.data_source: MySQL: 000150 loaded 115 rows (2025-08-11 ~ 2026-02-07)
2026-02-07 14:27:57,210 [INFO] plugins.data_source: MySQL: 009150 loaded 121 rows (2025-08-11 ~ 2026-02-07)
2026-02-07 14:27:57,223 [INFO] plugins.data_source: MySQL: 066570 loaded 121 rows (2025-08-11 ~ 2026-02-07)
2026-02-07 14:27:57,236 [INFO] plugins.data_source: MySQL: 010120 loaded 121 rows (2025-08-11 ~ 2026-02-07)
2026-02-07 14:27:57,240 [INFO] plugins.screener: [SCREEN] 분석 중 41/50: 미래에셋증권(006800)
2026-02-07 14:27:57,249 [INFO] plugins.data_source: MySQL: 006800 loaded 121 rows (2025-08-11 ~ 2026-02-07)
2026-02-07 14:27:57,261 [INFO] plugins.data_source: MySQL: 018260 loaded 118 rows (2025-08-11 ~ 2026-02-07)
2026-02-07 14:27:57,274 [INFO] plugins.data_source: MySQL: 003550 loaded 121 rows (2025-08-11 ~ 2026-02-07)
2026-02-07 14:27:57,286 [INFO] plugins.data_source: MySQL: 259960 loaded 121 rows (2025-08-11 ~ 2026-02-07)
2026-02-07 14:27:57,300 [INFO] plugins.data_source: MySQL: 042700 loaded 121 rows (2025-08-11 ~ 2026-02-07)
2026-02-07 14:27:57,313 [INFO] plugins.data_source: MySQL: 030200 loaded 121 rows (2025-08-11 ~ 2026-02-07)
2026-02-07 14:27:57,325 [INFO] plugins.data_source: MySQL: 352820 loaded 121 rows (2025-08-11 ~ 2026-02-07)
2026-02-07 14:27:57,338 [INFO] plugins.data_source: MySQL: 086280 loaded 121 rows (2025-08-11 ~ 2026-02-07)
2026-02-07 14:27:57,350 [INFO] plugins.data_source: MySQL: 017670 loaded 121 rows (2025-08-11 ~ 2026-02-07)
2026-02-07 14:27:57,363 [INFO] plugins.data_source: MySQL: 047810 loaded 121 rows (2025-08-11 ~ 2026-02-07)
2026-02-07 14:27:57,367 [INFO] plugins.screener: [SCREEN] 최종 선정 10개
2026-02-07 14:27:57,367 [INFO] main: === 스크리닝 완료: 10개 종목 ===
2026-02-07 14:27:57,367 [INFO] main:   [1] 402340 SK스퀘어 | beta=1.925 corr=0.729
2026-02-07 14:27:57,368 [INFO] main:   [2] 000660 SK하이닉스 | beta=1.883 corr=0.815
2026-02-07 14:27:57,368 [INFO] main:   [3] 006800 미래에셋증권 | beta=1.727 corr=0.583
2026-02-07 14:27:57,368 [INFO] main:   [4] 010120 LS ELECTRIC | beta=1.669 corr=0.650
2026-02-07 14:27:57,368 [INFO] main:   [5] 000150 두산 | beta=1.648 corr=0.545
2026-02-07 14:27:57,368 [INFO] main:   [6] 042700 한미반도체 | beta=1.584 corr=0.610
2026-02-07 14:27:57,368 [INFO] main:   [7] 005930 삼성전자 | beta=1.414 corr=0.852
2026-02-07 14:27:57,369 [INFO] main:   [8] 267260 HD현대일렉트릭 | beta=1.401 corr=0.696
2026-02-07 14:27:57,369 [INFO] main:   [9] 298040 효성중공업 | beta=1.335 corr=0.622
2026-02-07 14:27:57,369 [INFO] main:   [10] 034020 두산에너빌리티 | beta=1.289 corr=0.551
2026-02-07 14:27:57,369 [INFO] main: === 백테스트 시작: 10개 종목 ===
2026-02-07 14:27:57,389 [INFO] plugins.data_source: MySQL: 402340 loaded 121 rows (2025-08-11 ~ 2026-02-07)
2026-02-07 14:27:57,549 [INFO] plugins.data_source: Cybos index: KOSPI loaded 121 rows
2026-02-07 14:27:57,579 [INFO] main:   [402340] SK스퀘어      | Return:  +49.71% | Trades: 8 | Win:  50.0% | Sharpe:  1.6376 | MDD:  -28.16%
2026-02-07 14:27:57,591 [INFO] plugins.data_source: MySQL: 000660 loaded 121 rows (2025-08-11 ~ 2026-02-07)
2026-02-07 14:27:57,768 [INFO] plugins.data_source: Cybos index: KOSPI loaded 121 rows
2026-02-07 14:27:57,797 [INFO] main:   [000660] SK하이닉스     | Return:  +90.61% | Trades: 9 | Win:  66.7% | Sharpe:  2.8978 | MDD:  -21.67%
2026-02-07 14:27:57,831 [INFO] plugins.data_source: MySQL: 006800 loaded 121 rows (2025-08-11 ~ 2026-02-07)
2026-02-07 14:27:58,041 [INFO] plugins.data_source: Cybos index: KOSPI loaded 121 rows
2026-02-07 14:27:58,069 [INFO] main:   [006800] 미래에셋증권     | Return:  +72.10% | Trades: 4 | Win:  50.0% | Sharpe:  1.8942 | MDD:  -18.44%
2026-02-07 14:27:58,080 [INFO] plugins.data_source: MySQL: 010120 loaded 121 rows (2025-08-11 ~ 2026-02-07)
2026-02-07 14:27:58,233 [INFO] plugins.data_source: Cybos index: KOSPI loaded 121 rows
2026-02-07 14:27:58,262 [INFO] main:   [010120] LS ELECTRIC | Return:  +24.01% | Trades: 5 | Win:  40.0% | Sharpe:  0.9953 | MDD:  -32.77%
2026-02-07 14:27:58,274 [INFO] plugins.data_source: MySQL: 000150 loaded 115 rows (2025-08-11 ~ 2026-02-07)
2026-02-07 14:27:58,442 [INFO] plugins.data_source: Cybos index: KOSPI loaded 121 rows
2026-02-07 14:27:58,469 [INFO] main:   [000150] 두산         | Return:  +35.43% | Trades: 4 | Win:  50.0% | Sharpe:  1.3161 | MDD:  -20.03%
2026-02-07 14:27:58,480 [INFO] plugins.data_source: MySQL: 042700 loaded 121 rows (2025-08-11 ~ 2026-02-07)
2026-02-07 14:27:58,708 [INFO] plugins.data_source: Cybos index: KOSPI loaded 121 rows
2026-02-07 14:27:58,735 [INFO] main:   [042700] 한미반도체      | Return:  +87.34% | Trades: 4 | Win:  50.0% | Sharpe:  2.4789 | MDD:  -13.54%
2026-02-07 14:27:58,747 [INFO] plugins.data_source: MySQL: 005930 loaded 121 rows (2025-08-11 ~ 2026-02-07)
2026-02-07 14:27:58,915 [INFO] plugins.data_source: Cybos index: KOSPI loaded 121 rows
2026-02-07 14:27:58,944 [INFO] main:   [005930] 삼성전자       | Return:  +69.46% | Trades: 6 | Win:  66.7% | Sharpe:  2.6906 | MDD:  -12.22%
2026-02-07 14:27:58,953 [INFO] plugins.data_source: MySQL: 267260 loaded 121 rows (2025-08-11 ~ 2026-02-07)
2026-02-07 14:27:59,106 [INFO] plugins.data_source: Cybos index: KOSPI loaded 121 rows
2026-02-07 14:27:59,134 [INFO] main:   [267260] HD현대일렉트릭   | Return:  +35.68% | Trades: 3 | Win:  33.3% | Sharpe:  1.1330 | MDD:  -19.77%
2026-02-07 14:27:59,146 [INFO] plugins.data_source: MySQL: 298040 loaded 121 rows (2025-08-11 ~ 2026-02-07)
2026-02-07 14:27:59,379 [INFO] plugins.data_source: Cybos index: KOSPI loaded 121 rows
2026-02-07 14:27:59,407 [INFO] main:   [298040] 효성중공업      | Return:  +58.28% | Trades: 4 | Win:  50.0% | Sharpe:  1.7229 | MDD:  -14.77%
2026-02-07 14:27:59,417 [INFO] plugins.data_source: MySQL: 034020 loaded 121 rows (2025-08-11 ~ 2026-02-07)
2026-02-07 14:27:59,563 [INFO] plugins.data_source: Cybos index: KOSPI loaded 121 rows
2026-02-07 14:27:59,591 [INFO] main:   [034020] 두산에너빌리티    | Return:  +32.67% | Trades: 4 | Win:  75.0% | Sharpe:  2.8621 | MDD:  -12.19%
2026-02-07 14:27:59,591 [INFO] main: ======================================================================
2026-02-07 14:27:59,591 [INFO] main: === 포트폴리오 요약 ===
2026-02-07 14:27:59,591 [INFO] main:   종목 수: 10 | 수익 종목: 10 (100%)
2026-02-07 14:27:59,591 [INFO] main:   평균 수익률: +55.53%
2026-02-07 14:27:59,592 [INFO] main:   평균 샤프: 1.9628
2026-02-07 14:27:59,592 [INFO] main:   평균 승률: 53.2%
2026-02-07 14:27:59,592 [INFO] main:   총 거래: 51회 (종목당 5.1회)
2026-02-07 14:27:59,592 [INFO] main:   최고: 000660 +90.61%
2026-02-07 14:27:59,592 [INFO] main:   최저: 010120 +24.01%
2026-02-07 14:27:59,592 [INFO] main: ======================================================================
2026-02-07 14:27:59,593 [INFO] main: === Complete ===
2026-02-07 14:38:01,433 [INFO] main: === KOSPI Big10 IBS Trading System ===
2026-02-07 14:38:01,433 [INFO] main: App launched at 14:38:01
2026-02-07 14:38:01,968 [INFO] plugins.data_source: MySQL connected: localhost:3306/stock_info
2026-02-07 14:38:01,980 [INFO] plugins.data_source: CompositeDataSource: active sources = ['MySQL', 'Cybos', 'Kiwoom']
2026-02-07 14:38:03,000 [INFO] plugins.data_source: MySQL connected: localhost:3306/stock_info
2026-02-07 14:38:03,006 [INFO] plugins.data_source: CompositeDataSource: active sources = ['MySQL', 'Cybos', 'Kiwoom']
2026-02-07 14:38:03,045 [INFO] ui.main_window: [UI] MainWindow 초기화 완료
2026-02-07 14:38:09,796 [INFO] plugins.data_source: Cybos index: KOSPI loaded 121 rows
2026-02-07 14:38:09,797 [INFO] plugins.screener: [SCREEN] 시작: 2025-08-11 ~ 2026-02-07, 풀=50, 선정=10
2026-02-07 14:38:09,823 [INFO] plugins.screener: [SCREEN] DB Level-0: 50개
2026-02-07 14:38:09,827 [INFO] plugins.screener: [SCREEN] 후보 50개 로드
2026-02-07 14:38:09,829 [INFO] plugins.screener: [SCREEN] KOSPI 지수 121행, 수익률 120행
2026-02-07 14:38:09,829 [INFO] plugins.screener: [SCREEN] 분석 중 1/50: 삼성전자(005930)
2026-02-07 14:38:09,840 [INFO] plugins.data_source: MySQL: 005930 loaded 121 rows (2025-08-11 ~ 2026-02-07)
2026-02-07 14:38:09,854 [INFO] plugins.data_source: MySQL: 000660 loaded 121 rows (2025-08-11 ~ 2026-02-07)
2026-02-07 14:38:09,868 [INFO] plugins.data_source: MySQL: 373220 loaded 121 rows (2025-08-11 ~ 2026-02-07)
2026-02-07 14:38:09,882 [INFO] plugins.data_source: MySQL: 005380 loaded 121 rows (2025-08-11 ~ 2026-02-07)
2026-02-07 14:38:09,894 [INFO] plugins.data_source: MySQL: 329180 loaded 121 rows (2025-08-11 ~ 2026-02-07)
2026-02-07 14:38:09,908 [INFO] plugins.data_source: MySQL: 012450 loaded 121 rows (2025-08-11 ~ 2026-02-07)
2026-02-07 14:38:09,921 [INFO] plugins.data_source: MySQL: 034020 loaded 121 rows (2025-08-11 ~ 2026-02-07)
2026-02-07 14:38:09,935 [INFO] plugins.data_source: MySQL: 105560 loaded 121 rows (2025-08-11 ~ 2026-02-07)
2026-02-07 14:38:09,948 [INFO] plugins.data_source: MySQL: 000270 loaded 124 rows (2025-08-11 ~ 2026-02-07)
2026-02-07 14:38:09,962 [INFO] plugins.data_source: MySQL: 068270 loaded 121 rows (2025-08-11 ~ 2026-02-07)
2026-02-07 14:38:09,967 [INFO] plugins.screener: [SCREEN] 분석 중 11/50: SK스퀘어(402340)
2026-02-07 14:38:09,977 [INFO] plugins.data_source: MySQL: 402340 loaded 121 rows (2025-08-11 ~ 2026-02-07)
2026-02-07 14:38:09,990 [INFO] plugins.data_source: MySQL: 035420 loaded 121 rows (2025-08-11 ~ 2026-02-07)
2026-02-07 14:38:10,003 [INFO] plugins.data_source: MySQL: 055550 loaded 121 rows (2025-08-11 ~ 2026-02-07)
2026-02-07 14:38:10,016 [INFO] plugins.data_source: MySQL: 028260 loaded 121 rows (2025-08-11 ~ 2026-02-07)
2026-02-07 14:38:10,029 [INFO] plugins.data_source: MySQL: 015760 loaded 121 rows (2025-08-11 ~ 2026-02-07)
2026-02-07 14:38:10,042 [INFO] plugins.data_source: MySQL: 009540 loaded 121 rows (2025-08-11 ~ 2026-02-07)
2026-02-07 14:38:10,055 [INFO] plugins.data_source: MySQL: 032830 loaded 118 rows (2025-08-11 ~ 2026-02-07)
2026-02-07 14:38:10,070 [INFO] plugins.data_source: MySQL: 267260 loaded 121 rows (2025-08-11 ~ 2026-02-07)
2026-02-07 14:38:10,084 [INFO] plugins.data_source: MySQL: 051910 loaded 121 rows (2025-08-11 ~ 2026-02-07)
2026-02-07 14:38:10,098 [INFO] plugins.data_source: MySQL: 012330 loaded 121 rows (2025-08-11 ~ 2026-02-07)
2026-02-07 14:38:10,102 [INFO] plugins.screener: [SCREEN] 분석 중 21/50: 카카오(035720)
2026-02-07 14:38:10,111 [INFO] plugins.data_source: MySQL: 035720 loaded 123 rows (2025-08-11 ~ 2026-02-07)
2026-02-07 14:38:10,125 [INFO] plugins.data_source: MySQL: 086790 loaded 121 rows (2025-08-11 ~ 2026-02-07)
2026-02-07 14:38:10,138 [INFO] plugins.data_source: MySQL: 006400 loaded 121 rows (2025-08-11 ~ 2026-02-07)
2026-02-07 14:38:10,152 [INFO] plugins.data_source: MySQL: 005490 loaded 121 rows (2025-08-11 ~ 2026-02-07)
2026-02-07 14:38:10,166 [INFO] plugins.data_source: MySQL: 010140 loaded 121 rows (2025-08-11 ~ 2026-02-07)
2026-02-07 14:38:10,182 [INFO] plugins.data_source: MySQL: 000810 loaded 121 rows (2025-08-11 ~ 2026-02-07)
2026-02-07 14:38:10,198 [INFO] plugins.data_source: MySQL: 064350 loaded 121 rows (2025-08-11 ~ 2026-02-07)
2026-02-07 14:38:10,213 [INFO] plugins.data_source: MySQL: 096770 loaded 121 rows (2025-08-11 ~ 2026-02-07)
2026-02-07 14:38:10,226 [INFO] plugins.data_source: MySQL: 298040 loaded 121 rows (2025-08-11 ~ 2026-02-07)
2026-02-07 14:38:10,239 [INFO] plugins.data_source: MySQL: 316140 loaded 121 rows (2025-08-11 ~ 2026-02-07)
2026-02-07 14:38:10,243 [INFO] plugins.screener: [SCREEN] 분석 중 31/50: 메리츠금융지주(138040)
2026-02-07 14:38:10,253 [INFO] plugins.data_source: MySQL: 138040 loaded 121 rows (2025-08-11 ~ 2026-02-07)
2026-02-07 14:38:10,267 [INFO] plugins.data_source: MySQL: 034730 loaded 121 rows (2025-08-11 ~ 2026-02-07)
2026-02-07 14:38:10,282 [INFO] plugins.data_source: MySQL: 003670 loaded 121 rows (2025-08-11 ~ 2026-02-07)
2026-02-07 14:38:10,297 [INFO] plugins.data_source: MySQL: 011200 loaded 123 rows (2025-08-11 ~ 2026-02-07)
2026-02-07 14:38:10,313 [INFO] plugins.data_source: MySQL: 033780 loaded 121 rows (2025-08-11 ~ 2026-02-07)
2026-02-07 14:38:10,328 [INFO] plugins.data_source: MySQL: 024110 loaded 118 rows (2025-08-11 ~ 2026-02-07)
2026-02-07 14:38:10,342 [INFO] plugins.data_source: MySQL: 000150 loaded 115 rows (2025-08-11 ~ 2026-02-07)
2026-02-07 14:38:10,357 [INFO] plugins.data_source: MySQL: 009150 loaded 121 rows (2025-08-11 ~ 2026-02-07)
2026-02-07 14:38:10,370 [INFO] plugins.data_source: MySQL: 066570 loaded 121 rows (2025-08-11 ~ 2026-02-07)
2026-02-07 14:38:10,384 [INFO] plugins.data_source: MySQL: 010120 loaded 121 rows (2025-08-11 ~ 2026-02-07)
2026-02-07 14:38:10,389 [INFO] plugins.screener: [SCREEN] 분석 중 41/50: 미래에셋증권(006800)
2026-02-07 14:38:10,399 [INFO] plugins.data_source: MySQL: 006800 loaded 121 rows (2025-08-11 ~ 2026-02-07)
2026-02-07 14:38:10,412 [INFO] plugins.data_source: MySQL: 018260 loaded 118 rows (2025-08-11 ~ 2026-02-07)
2026-02-07 14:38:10,426 [INFO] plugins.data_source: MySQL: 003550 loaded 121 rows (2025-08-11 ~ 2026-02-07)
2026-02-07 14:38:10,439 [INFO] plugins.data_source: MySQL: 259960 loaded 121 rows (2025-08-11 ~ 2026-02-07)
2026-02-07 14:38:10,453 [INFO] plugins.data_source: MySQL: 042700 loaded 121 rows (2025-08-11 ~ 2026-02-07)
2026-02-07 14:38:10,467 [INFO] plugins.data_source: MySQL: 030200 loaded 121 rows (2025-08-11 ~ 2026-02-07)
2026-02-07 14:38:10,481 [INFO] plugins.data_source: MySQL: 352820 loaded 121 rows (2025-08-11 ~ 2026-02-07)
2026-02-07 14:38:10,495 [INFO] plugins.data_source: MySQL: 086280 loaded 121 rows (2025-08-11 ~ 2026-02-07)
2026-02-07 14:38:10,509 [INFO] plugins.data_source: MySQL: 017670 loaded 121 rows (2025-08-11 ~ 2026-02-07)
2026-02-07 14:38:10,523 [INFO] plugins.data_source: MySQL: 047810 loaded 121 rows (2025-08-11 ~ 2026-02-07)
2026-02-07 14:38:10,527 [INFO] plugins.screener: [SCREEN] 최종 선정 10개
2026-02-07 14:38:14,622 [INFO] plugins.data_source: MySQL: 402340 loaded 123 rows (2025-08-07 ~ 2026-02-07)
2026-02-07 14:38:14,768 [INFO] plugins.data_source: Cybos index: KOSPI loaded 123 rows
2026-02-07 14:38:14,809 [INFO] plugins.data_source: MySQL: 000660 loaded 123 rows (2025-08-07 ~ 2026-02-07)
2026-02-07 14:38:14,964 [INFO] plugins.data_source: Cybos index: KOSPI loaded 123 rows
2026-02-07 14:38:15,003 [INFO] plugins.data_source: MySQL: 006800 loaded 123 rows (2025-08-07 ~ 2026-02-07)
2026-02-07 14:38:15,229 [INFO] plugins.data_source: Cybos index: KOSPI loaded 123 rows
2026-02-07 14:38:15,269 [INFO] plugins.data_source: MySQL: 010120 loaded 123 rows (2025-08-07 ~ 2026-02-07)
2026-02-07 14:38:15,466 [INFO] plugins.data_source: Cybos index: KOSPI loaded 123 rows
2026-02-07 14:38:15,505 [INFO] plugins.data_source: MySQL: 000150 loaded 117 rows (2025-08-07 ~ 2026-02-07)
2026-02-07 14:38:15,666 [INFO] plugins.data_source: Cybos index: KOSPI loaded 123 rows
2026-02-07 14:38:15,704 [INFO] plugins.data_source: MySQL: 042700 loaded 123 rows (2025-08-07 ~ 2026-02-07)
2026-02-07 14:38:15,818 [INFO] plugins.data_source: Cybos index: KOSPI loaded 123 rows
2026-02-07 14:38:15,860 [INFO] plugins.data_source: MySQL: 005930 loaded 123 rows (2025-08-07 ~ 2026-02-07)
2026-02-07 14:38:15,973 [INFO] plugins.data_source: Cybos index: KOSPI loaded 123 rows
2026-02-07 14:38:16,011 [INFO] plugins.data_source: MySQL: 267260 loaded 123 rows (2025-08-07 ~ 2026-02-07)
2026-02-07 14:38:16,112 [INFO] plugins.data_source: Cybos index: KOSPI loaded 123 rows
2026-02-07 14:38:16,152 [INFO] plugins.data_source: MySQL: 298040 loaded 123 rows (2025-08-07 ~ 2026-02-07)
2026-02-07 14:38:16,278 [INFO] plugins.data_source: Cybos index: KOSPI loaded 123 rows
2026-02-07 14:38:16,318 [INFO] plugins.data_source: MySQL: 034020 loaded 123 rows (2025-08-07 ~ 2026-02-07)
2026-02-07 14:38:16,444 [INFO] plugins.data_source: Cybos index: KOSPI loaded 123 rows
2026-02-07 14:38:28,596 [INFO] plugins.data_source: MySQL: 402340 loaded 123 rows (2025-08-07 ~ 2026-02-07)
2026-02-07 14:38:28,733 [INFO] plugins.data_source: Cybos index: KOSPI loaded 123 rows
2026-02-07 14:38:28,772 [INFO] plugins.data_source: MySQL: 402340 loaded 123 rows (2025-08-07 ~ 2026-02-07)
2026-02-07 14:38:28,920 [INFO] plugins.data_source: Cybos index: KOSPI loaded 123 rows
2026-02-07 14:39:32,606 [INFO] plugins.data_source: MySQL: 402340 loaded 123 rows (2025-08-07 ~ 2026-02-07)
2026-02-07 14:39:32,759 [INFO] plugins.data_source: Cybos index: KOSPI loaded 123 rows
2026-02-07 14:39:32,804 [INFO] plugins.data_source: MySQL: 402340 loaded 123 rows (2025-08-07 ~ 2026-02-07)
2026-02-07 14:39:32,960 [INFO] plugins.data_source: Cybos index: KOSPI loaded 123 rows
2026-02-07 14:39:46,916 [INFO] plugins.data_source: MySQL: 000660 loaded 123 rows (2025-08-07 ~ 2026-02-07)
2026-02-07 14:39:47,063 [INFO] plugins.data_source: Cybos index: KOSPI loaded 123 rows
2026-02-07 14:39:47,103 [INFO] plugins.data_source: MySQL: 000660 loaded 123 rows (2025-08-07 ~ 2026-02-07)
2026-02-07 14:39:47,280 [INFO] plugins.data_source: Cybos index: KOSPI loaded 123 rows
2026-02-07 14:39:58,460 [INFO] plugins.data_source: MySQL: 402340 loaded 123 rows (2025-08-07 ~ 2026-02-07)
2026-02-07 14:39:58,611 [INFO] plugins.data_source: Cybos index: KOSPI loaded 123 rows
2026-02-07 14:39:58,651 [INFO] plugins.data_source: MySQL: 000660 loaded 123 rows (2025-08-07 ~ 2026-02-07)
2026-02-07 14:39:58,849 [INFO] plugins.data_source: Cybos index: KOSPI loaded 123 rows
2026-02-07 14:39:58,888 [INFO] plugins.data_source: MySQL: 006800 loaded 123 rows (2025-08-07 ~ 2026-02-07)
2026-02-07 14:39:59,096 [INFO] plugins.data_source: Cybos index: KOSPI loaded 123 rows
2026-02-07 14:39:59,137 [INFO] plugins.data_source: MySQL: 010120 loaded 123 rows (2025-08-07 ~ 2026-02-07)
2026-02-07 14:39:59,296 [INFO] plugins.data_source: Cybos index: KOSPI loaded 123 rows
2026-02-07 14:39:59,336 [INFO] plugins.data_source: MySQL: 000150 loaded 117 rows (2025-08-07 ~ 2026-02-07)
2026-02-07 14:39:59,449 [INFO] plugins.data_source: Cybos index: KOSPI loaded 123 rows
2026-02-07 14:39:59,488 [INFO] plugins.data_source: MySQL: 042700 loaded 123 rows (2025-08-07 ~ 2026-02-07)
2026-02-07 14:39:59,623 [INFO] plugins.data_source: Cybos index: KOSPI loaded 123 rows
2026-02-07 14:39:59,664 [INFO] plugins.data_source: MySQL: 005930 loaded 123 rows (2025-08-07 ~ 2026-02-07)
2026-02-07 14:39:59,771 [INFO] plugins.data_source: Cybos index: KOSPI loaded 123 rows
2026-02-07 14:39:59,810 [INFO] plugins.data_source: MySQL: 267260 loaded 123 rows (2025-08-07 ~ 2026-02-07)
2026-02-07 14:39:59,925 [INFO] plugins.data_source: Cybos index: KOSPI loaded 123 rows
2026-02-07 14:39:59,965 [INFO] plugins.data_source: MySQL: 298040 loaded 123 rows (2025-08-07 ~ 2026-02-07)
2026-02-07 14:40:00,066 [INFO] plugins.data_source: Cybos index: KOSPI loaded 123 rows
2026-02-07 14:40:00,105 [INFO] plugins.data_source: MySQL: 034020 loaded 123 rows (2025-08-07 ~ 2026-02-07)
2026-02-07 14:40:00,225 [INFO] plugins.data_source: Cybos index: KOSPI loaded 123 rows
2026-02-07 15:22:35,909 [INFO] main: === KOSPI Big10 IBS Trading System ===
2026-02-07 15:22:35,909 [INFO] main: App launched at 15:22:35
2026-02-07 15:22:36,450 [INFO] plugins.data_source: MySQL connected: localhost:3306/stock_info
2026-02-07 15:22:36,461 [INFO] plugins.data_source: CompositeDataSource: active sources = ['MySQL', 'Cybos', 'Kiwoom']
2026-02-07 15:22:37,424 [INFO] plugins.data_source: MySQL connected: localhost:3306/stock_info
2026-02-07 15:22:37,430 [INFO] plugins.data_source: CompositeDataSource: active sources = ['MySQL', 'Cybos', 'Kiwoom']
2026-02-07 15:22:37,479 [INFO] ui.main_window: [UI] MainWindow 초기화 완료
2026-02-07 15:24:17,347 [INFO] main: === KOSPI Big10 IBS Trading System ===
2026-02-07 15:24:17,348 [INFO] main: App launched at 15:24:17
2026-02-07 15:24:17,944 [INFO] plugins.data_source: MySQL connected: localhost:3306/stock_info
2026-02-07 15:24:17,956 [INFO] plugins.data_source: CompositeDataSource: active sources = ['MySQL', 'Cybos', 'Kiwoom']
2026-02-07 15:24:18,937 [INFO] plugins.data_source: MySQL connected: localhost:3306/stock_info
2026-02-07 15:24:18,963 [INFO] plugins.data_source: CompositeDataSource: active sources = ['MySQL', 'Cybos', 'Kiwoom']
2026-02-07 15:24:18,997 [INFO] ui.main_window: [UI] MainWindow 초기화 완료
2026-02-07 15:24:25,651 [INFO] plugins.data_source: Cybos index: KOSPI loaded 121 rows
2026-02-07 15:24:25,651 [INFO] plugins.screener: [SCREEN] 시작: 2025-08-11 ~ 2026-02-07, 풀=50, 선정=10
2026-02-07 15:24:25,683 [INFO] plugins.screener: [SCREEN] DB Level-0: 50개
2026-02-07 15:24:25,688 [INFO] plugins.screener: [SCREEN] 후보 50개 로드
2026-02-07 15:24:25,689 [INFO] plugins.screener: [SCREEN] KOSPI 지수 121행, 수익률 120행
2026-02-07 15:24:25,690 [INFO] plugins.screener: [SCREEN] 분석 중 1/50: 삼성전자(005930)
2026-02-07 15:24:25,702 [INFO] plugins.data_source: MySQL: 005930 loaded 121 rows (2025-08-11 ~ 2026-02-07)
2026-02-07 15:24:25,718 [INFO] plugins.data_source: MySQL: 000660 loaded 121 rows (2025-08-11 ~ 2026-02-07)
2026-02-07 15:24:25,733 [INFO] plugins.data_source: MySQL: 373220 loaded 121 rows (2025-08-11 ~ 2026-02-07)
2026-02-07 15:24:25,747 [INFO] plugins.data_source: MySQL: 005380 loaded 121 rows (2025-08-11 ~ 2026-02-07)
2026-02-07 15:24:25,761 [INFO] plugins.data_source: MySQL: 329180 loaded 121 rows (2025-08-11 ~ 2026-02-07)
2026-02-07 15:24:25,775 [INFO] plugins.data_source: MySQL: 012450 loaded 121 rows (2025-08-11 ~ 2026-02-07)
2026-02-07 15:24:25,789 [INFO] plugins.data_source: MySQL: 034020 loaded 121 rows (2025-08-11 ~ 2026-02-07)
2026-02-07 15:24:25,805 [INFO] plugins.data_source: MySQL: 105560 loaded 121 rows (2025-08-11 ~ 2026-02-07)
2026-02-07 15:24:25,820 [INFO] plugins.data_source: MySQL: 000270 loaded 124 rows (2025-08-11 ~ 2026-02-07)
2026-02-07 15:24:25,834 [INFO] plugins.data_source: MySQL: 068270 loaded 121 rows (2025-08-11 ~ 2026-02-07)
2026-02-07 15:24:25,838 [INFO] plugins.screener: [SCREEN] 분석 중 11/50: SK스퀘어(402340)
2026-02-07 15:24:25,847 [INFO] plugins.data_source: MySQL: 402340 loaded 121 rows (2025-08-11 ~ 2026-02-07)
2026-02-07 15:24:25,862 [INFO] plugins.data_source: MySQL: 035420 loaded 121 rows (2025-08-11 ~ 2026-02-07)
2026-02-07 15:24:25,875 [INFO] plugins.data_source: MySQL: 055550 loaded 121 rows (2025-08-11 ~ 2026-02-07)
2026-02-07 15:24:25,888 [INFO] plugins.data_source: MySQL: 028260 loaded 121 rows (2025-08-11 ~ 2026-02-07)
2026-02-07 15:24:25,903 [INFO] plugins.data_source: MySQL: 015760 loaded 121 rows (2025-08-11 ~ 2026-02-07)
2026-02-07 15:24:25,916 [INFO] plugins.data_source: MySQL: 009540 loaded 121 rows (2025-08-11 ~ 2026-02-07)
2026-02-07 15:24:25,929 [INFO] plugins.data_source: MySQL: 032830 loaded 118 rows (2025-08-11 ~ 2026-02-07)
2026-02-07 15:24:25,944 [INFO] plugins.data_source: MySQL: 267260 loaded 121 rows (2025-08-11 ~ 2026-02-07)
2026-02-07 15:24:25,959 [INFO] plugins.data_source: MySQL: 051910 loaded 121 rows (2025-08-11 ~ 2026-02-07)
2026-02-07 15:24:25,972 [INFO] plugins.data_source: MySQL: 012330 loaded 121 rows (2025-08-11 ~ 2026-02-07)
2026-02-07 15:24:25,976 [INFO] plugins.screener: [SCREEN] 분석 중 21/50: 카카오(035720)
2026-02-07 15:24:25,985 [INFO] plugins.data_source: MySQL: 035720 loaded 123 rows (2025-08-11 ~ 2026-02-07)
2026-02-07 15:24:25,998 [INFO] plugins.data_source: MySQL: 086790 loaded 121 rows (2025-08-11 ~ 2026-02-07)
2026-02-07 15:24:26,011 [INFO] plugins.data_source: MySQL: 006400 loaded 121 rows (2025-08-11 ~ 2026-02-07)
2026-02-07 15:24:26,024 [INFO] plugins.data_source: MySQL: 005490 loaded 121 rows (2025-08-11 ~ 2026-02-07)
2026-02-07 15:24:26,037 [INFO] plugins.data_source: MySQL: 010140 loaded 121 rows (2025-08-11 ~ 2026-02-07)
2026-02-07 15:24:26,049 [INFO] plugins.data_source: MySQL: 000810 loaded 121 rows (2025-08-11 ~ 2026-02-07)
2026-02-07 15:24:26,062 [INFO] plugins.data_source: MySQL: 064350 loaded 121 rows (2025-08-11 ~ 2026-02-07)
2026-02-07 15:24:26,075 [INFO] plugins.data_source: MySQL: 096770 loaded 121 rows (2025-08-11 ~ 2026-02-07)
2026-02-07 15:24:26,087 [INFO] plugins.data_source: MySQL: 298040 loaded 121 rows (2025-08-11 ~ 2026-02-07)
2026-02-07 15:24:26,100 [INFO] plugins.data_source: MySQL: 316140 loaded 121 rows (2025-08-11 ~ 2026-02-07)
2026-02-07 15:24:26,104 [INFO] plugins.screener: [SCREEN] 분석 중 31/50: 메리츠금융지주(138040)
2026-02-07 15:24:26,113 [INFO] plugins.data_source: MySQL: 138040 loaded 121 rows (2025-08-11 ~ 2026-02-07)
2026-02-07 15:24:26,125 [INFO] plugins.data_source: MySQL: 034730 loaded 121 rows (2025-08-11 ~ 2026-02-07)
2026-02-07 15:24:26,139 [INFO] plugins.data_source: MySQL: 003670 loaded 121 rows (2025-08-11 ~ 2026-02-07)
2026-02-07 15:24:26,153 [INFO] plugins.data_source: MySQL: 011200 loaded 123 rows (2025-08-11 ~ 2026-02-07)
2026-02-07 15:24:26,166 [INFO] plugins.data_source: MySQL: 033780 loaded 121 rows (2025-08-11 ~ 2026-02-07)
2026-02-07 15:24:26,179 [INFO] plugins.data_source: MySQL: 024110 loaded 118 rows (2025-08-11 ~ 2026-02-07)
2026-02-07 15:24:26,193 [INFO] plugins.data_source: MySQL: 000150 loaded 115 rows (2025-08-11 ~ 2026-02-07)
2026-02-07 15:24:26,206 [INFO] plugins.data_source: MySQL: 009150 loaded 121 rows (2025-08-11 ~ 2026-02-07)
2026-02-07 15:24:26,219 [INFO] plugins.data_source: MySQL: 066570 loaded 121 rows (2025-08-11 ~ 2026-02-07)
2026-02-07 15:24:26,231 [INFO] plugins.data_source: MySQL: 010120 loaded 121 rows (2025-08-11 ~ 2026-02-07)
2026-02-07 15:24:26,235 [INFO] plugins.screener: [SCREEN] 분석 중 41/50: 미래에셋증권(006800)
2026-02-07 15:24:26,244 [INFO] plugins.data_source: MySQL: 006800 loaded 121 rows (2025-08-11 ~ 2026-02-07)
2026-02-07 15:24:26,257 [INFO] plugins.data_source: MySQL: 018260 loaded 118 rows (2025-08-11 ~ 2026-02-07)
2026-02-07 15:24:26,271 [INFO] plugins.data_source: MySQL: 003550 loaded 121 rows (2025-08-11 ~ 2026-02-07)
2026-02-07 15:24:26,284 [INFO] plugins.data_source: MySQL: 259960 loaded 121 rows (2025-08-11 ~ 2026-02-07)
2026-02-07 15:24:26,296 [INFO] plugins.data_source: MySQL: 042700 loaded 121 rows (2025-08-11 ~ 2026-02-07)
2026-02-07 15:24:26,309 [INFO] plugins.data_source: MySQL: 030200 loaded 121 rows (2025-08-11 ~ 2026-02-07)
2026-02-07 15:24:26,321 [INFO] plugins.data_source: MySQL: 352820 loaded 121 rows (2025-08-11 ~ 2026-02-07)
2026-02-07 15:24:26,334 [INFO] plugins.data_source: MySQL: 086280 loaded 121 rows (2025-08-11 ~ 2026-02-07)
2026-02-07 15:24:26,347 [INFO] plugins.data_source: MySQL: 017670 loaded 121 rows (2025-08-11 ~ 2026-02-07)
2026-02-07 15:24:26,360 [INFO] plugins.data_source: MySQL: 047810 loaded 121 rows (2025-08-11 ~ 2026-02-07)
2026-02-07 15:24:26,364 [INFO] plugins.screener: [SCREEN] 최종 선정 10개
2026-02-07 15:24:43,822 [INFO] plugins.data_source: MySQL: 034020 loaded 123 rows (2025-08-07 ~ 2026-02-07)
2026-02-07 15:24:43,982 [INFO] plugins.data_source: Cybos index: KOSPI loaded 123 rows
2026-02-07 15:24:44,023 [INFO] plugins.data_source: MySQL: 034020 loaded 123 rows (2025-08-07 ~ 2026-02-07)
2026-02-07 15:24:44,183 [INFO] plugins.data_source: Cybos index: KOSPI loaded 123 rows
2026-02-07 16:02:01,497 [INFO] main: === KOSPI Big10 IBS Trading System ===
2026-02-07 16:02:01,497 [INFO] main: App launched at 16:02:01
2026-02-07 16:02:01,979 [WARNING] plugins.data_source: MySQL connection failed: (pymysql.err.OperationalError) (1045, "Access denied for user 'root'@'localhost' (using password: YES)")
(Background on this error at: https://sqlalche.me/e/20/e3q8)
2026-02-07 16:02:02,013 [INFO] plugins.data_source: CompositeDataSource: active sources = ['Cybos', 'Kiwoom']
2026-02-07 16:02:02,880 [WARNING] plugins.data_source: MySQL connection failed: (pymysql.err.OperationalError) (1045, "Access denied for user 'root'@'localhost' (using password: YES)")
(Background on this error at: https://sqlalche.me/e/20/e3q8)
2026-02-07 16:02:02,896 [INFO] plugins.data_source: CompositeDataSource: active sources = ['Cybos', 'Kiwoom']
2026-02-07 16:02:02,930 [INFO] ui.main_window: [UI] MainWindow 초기화 완료
2026-02-07 16:02:05,957 [INFO] plugins.data_source: Cybos index: KOSPI loaded 121 rows
2026-02-07 16:02:05,958 [INFO] plugins.screener: [SCREEN] 시작: 2025-08-11 ~ 2026-02-07, 풀=50, 선정=10
2026-02-07 16:02:06,020 [WARNING] plugins.screener: [SCREEN] 대형주 후보 0개
2026-02-07 16:16:43,902 [INFO] main: === KOSPI Big10 IBS Trading System ===
2026-02-07 16:16:43,902 [INFO] main: App launched at 16:16:43
2026-02-07 16:16:44,375 [INFO] plugins.data_source: MySQL connected: localhost:3306/stock_info
2026-02-07 16:16:44,407 [INFO] plugins.data_source: CompositeDataSource: active sources = ['MySQL', 'Cybos', 'Kiwoom']
2026-02-07 16:16:45,263 [INFO] plugins.data_source: MySQL connected: localhost:3306/stock_info
2026-02-07 16:16:45,268 [INFO] plugins.data_source: CompositeDataSource: active sources = ['MySQL', 'Cybos', 'Kiwoom']
2026-02-07 16:16:45,302 [INFO] ui.main_window: [UI] MainWindow 초기화 완료
2026-02-07 16:16:47,967 [INFO] plugins.data_source: Cybos index: KOSPI loaded 121 rows
2026-02-07 16:16:47,968 [INFO] plugins.screener: [SCREEN] 시작: 2025-08-11 ~ 2026-02-07, 풀=50, 선정=10
2026-02-07 16:16:48,003 [INFO] plugins.screener: [SCREEN] DB Level-0: 50개
2026-02-07 16:16:48,008 [INFO] plugins.screener: [SCREEN] 후보 50개 로드
2026-02-07 16:16:48,009 [INFO] plugins.screener: [SCREEN] KOSPI 지수 121행, 수익률 120행
2026-02-07 16:16:48,009 [INFO] plugins.screener: [SCREEN] 분석 중 1/50: 삼성전자(005930)
2026-02-07 16:16:48,020 [INFO] plugins.data_source: MySQL: 005930 loaded 121 rows (2025-08-11 ~ 2026-02-07)
2026-02-07 16:16:48,034 [INFO] plugins.data_source: MySQL: 000660 loaded 121 rows (2025-08-11 ~ 2026-02-07)
2026-02-07 16:16:48,046 [INFO] plugins.data_source: MySQL: 373220 loaded 121 rows (2025-08-11 ~ 2026-02-07)
2026-02-07 16:16:48,058 [INFO] plugins.data_source: MySQL: 005380 loaded 121 rows (2025-08-11 ~ 2026-02-07)
2026-02-07 16:16:48,070 [INFO] plugins.data_source: MySQL: 329180 loaded 121 rows (2025-08-11 ~ 2026-02-07)
2026-02-07 16:16:48,081 [INFO] plugins.data_source: MySQL: 012450 loaded 121 rows (2025-08-11 ~ 2026-02-07)
2026-02-07 16:16:48,093 [INFO] plugins.data_source: MySQL: 034020 loaded 121 rows (2025-08-11 ~ 2026-02-07)
2026-02-07 16:16:48,106 [INFO] plugins.data_source: MySQL: 105560 loaded 121 rows (2025-08-11 ~ 2026-02-07)
2026-02-07 16:16:48,118 [INFO] plugins.data_source: MySQL: 000270 loaded 124 rows (2025-08-11 ~ 2026-02-07)
2026-02-07 16:16:48,131 [INFO] plugins.data_source: MySQL: 068270 loaded 121 rows (2025-08-11 ~ 2026-02-07)
2026-02-07 16:16:48,135 [INFO] plugins.screener: [SCREEN] 분석 중 11/50: SK스퀘어(402340)
2026-02-07 16:16:48,143 [INFO] plugins.data_source: MySQL: 402340 loaded 121 rows (2025-08-11 ~ 2026-02-07)
2026-02-07 16:16:48,156 [INFO] plugins.data_source: MySQL: 035420 loaded 121 rows (2025-08-11 ~ 2026-02-07)
2026-02-07 16:16:48,168 [INFO] plugins.data_source: MySQL: 055550 loaded 121 rows (2025-08-11 ~ 2026-02-07)
2026-02-07 16:16:48,179 [INFO] plugins.data_source: MySQL: 028260 loaded 121 rows (2025-08-11 ~ 2026-02-07)
2026-02-07 16:16:48,192 [INFO] plugins.data_source: MySQL: 015760 loaded 121 rows (2025-08-11 ~ 2026-02-07)
2026-02-07 16:16:48,204 [INFO] plugins.data_source: MySQL: 009540 loaded 121 rows (2025-08-11 ~ 2026-02-07)
2026-02-07 16:16:48,216 [INFO] plugins.data_source: MySQL: 032830 loaded 118 rows (2025-08-11 ~ 2026-02-07)
2026-02-07 16:16:48,229 [INFO] plugins.data_source: MySQL: 267260 loaded 121 rows (2025-08-11 ~ 2026-02-07)
2026-02-07 16:16:48,242 [INFO] plugins.data_source: MySQL: 051910 loaded 121 rows (2025-08-11 ~ 2026-02-07)
2026-02-07 16:16:48,254 [INFO] plugins.data_source: MySQL: 012330 loaded 121 rows (2025-08-11 ~ 2026-02-07)
2026-02-07 16:16:48,258 [INFO] plugins.screener: [SCREEN] 분석 중 21/50: 카카오(035720)
2026-02-07 16:16:48,266 [INFO] plugins.data_source: MySQL: 035720 loaded 123 rows (2025-08-11 ~ 2026-02-07)
2026-02-07 16:16:48,278 [INFO] plugins.data_source: MySQL: 086790 loaded 121 rows (2025-08-11 ~ 2026-02-07)
2026-02-07 16:16:48,291 [INFO] plugins.data_source: MySQL: 006400 loaded 121 rows (2025-08-11 ~ 2026-02-07)
2026-02-07 16:16:48,304 [INFO] plugins.data_source: MySQL: 005490 loaded 121 rows (2025-08-11 ~ 2026-02-07)
2026-02-07 16:16:48,315 [INFO] plugins.data_source: MySQL: 010140 loaded 121 rows (2025-08-11 ~ 2026-02-07)
2026-02-07 16:16:48,326 [INFO] plugins.data_source: MySQL: 000810 loaded 121 rows (2025-08-11 ~ 2026-02-07)
2026-02-07 16:16:48,337 [INFO] plugins.data_source: MySQL: 064350 loaded 121 rows (2025-08-11 ~ 2026-02-07)
2026-02-07 16:16:48,349 [INFO] plugins.data_source: MySQL: 096770 loaded 121 rows (2025-08-11 ~ 2026-02-07)
2026-02-07 16:16:48,359 [INFO] plugins.data_source: MySQL: 298040 loaded 121 rows (2025-08-11 ~ 2026-02-07)
2026-02-07 16:16:48,370 [INFO] plugins.data_source: MySQL: 316140 loaded 121 rows (2025-08-11 ~ 2026-02-07)
2026-02-07 16:16:48,374 [INFO] plugins.screener: [SCREEN] 분석 중 31/50: 메리츠금융지주(138040)
2026-02-07 16:16:48,381 [INFO] plugins.data_source: MySQL: 138040 loaded 121 rows (2025-08-11 ~ 2026-02-07)
2026-02-07 16:16:48,393 [INFO] plugins.data_source: MySQL: 034730 loaded 121 rows (2025-08-11 ~ 2026-02-07)
2026-02-07 16:16:48,406 [INFO] plugins.data_source: MySQL: 003670 loaded 121 rows (2025-08-11 ~ 2026-02-07)
2026-02-07 16:16:48,417 [INFO] plugins.data_source: MySQL: 011200 loaded 123 rows (2025-08-11 ~ 2026-02-07)
2026-02-07 16:16:48,429 [INFO] plugins.data_source: MySQL: 033780 loaded 121 rows (2025-08-11 ~ 2026-02-07)
2026-02-07 16:16:48,441 [INFO] plugins.data_source: MySQL: 024110 loaded 118 rows (2025-08-11 ~ 2026-02-07)
2026-02-07 16:16:48,453 [INFO] plugins.data_source: MySQL: 000150 loaded 115 rows (2025-08-11 ~ 2026-02-07)
2026-02-07 16:16:48,466 [INFO] plugins.data_source: MySQL: 009150 loaded 121 rows (2025-08-11 ~ 2026-02-07)
2026-02-07 16:16:48,478 [INFO] plugins.data_source: MySQL: 066570 loaded 121 rows (2025-08-11 ~ 2026-02-07)
2026-02-07 16:16:48,490 [INFO] plugins.data_source: MySQL: 010120 loaded 121 rows (2025-08-11 ~ 2026-02-07)
2026-02-07 16:16:48,494 [INFO] plugins.screener: [SCREEN] 분석 중 41/50: 미래에셋증권(006800)
2026-02-07 16:16:48,503 [INFO] plugins.data_source: MySQL: 006800 loaded 121 rows (2025-08-11 ~ 2026-02-07)
2026-02-07 16:16:48,515 [INFO] plugins.data_source: MySQL: 018260 loaded 118 rows (2025-08-11 ~ 2026-02-07)
2026-02-07 16:16:48,528 [INFO] plugins.data_source: MySQL: 003550 loaded 121 rows (2025-08-11 ~ 2026-02-07)
2026-02-07 16:16:48,540 [INFO] plugins.data_source: MySQL: 259960 loaded 121 rows (2025-08-11 ~ 2026-02-07)
2026-02-07 16:16:48,552 [INFO] plugins.data_source: MySQL: 042700 loaded 121 rows (2025-08-11 ~ 2026-02-07)
2026-02-07 16:16:48,565 [INFO] plugins.data_source: MySQL: 030200 loaded 121 rows (2025-08-11 ~ 2026-02-07)
2026-02-07 16:16:48,576 [INFO] plugins.data_source: MySQL: 352820 loaded 121 rows (2025-08-11 ~ 2026-02-07)
2026-02-07 16:16:48,587 [INFO] plugins.data_source: MySQL: 086280 loaded 121 rows (2025-08-11 ~ 2026-02-07)
2026-02-07 16:16:48,598 [INFO] plugins.data_source: MySQL: 017670 loaded 121 rows (2025-08-11 ~ 2026-02-07)
2026-02-07 16:16:48,610 [INFO] plugins.data_source: MySQL: 047810 loaded 121 rows (2025-08-11 ~ 2026-02-07)
2026-02-07 16:16:48,614 [INFO] plugins.screener: [SCREEN] 최종 선정 10개
2026-02-07 16:21:17,549 [INFO] main: === KOSPI Big10 IBS Trading System ===
2026-02-07 16:21:17,550 [INFO] main: App launched at 16:21:17
2026-02-07 16:21:18,095 [INFO] plugins.data_source: MySQL connected: localhost:3306/stock_info
2026-02-07 16:21:18,122 [INFO] plugins.data_source: CompositeDataSource: active sources = ['MySQL', 'Cybos', 'Kiwoom']
2026-02-07 16:21:19,047 [INFO] plugins.data_source: MySQL connected: localhost:3306/stock_info
2026-02-07 16:21:19,072 [INFO] plugins.data_source: CompositeDataSource: active sources = ['MySQL', 'Cybos', 'Kiwoom']
2026-02-07 16:21:19,110 [INFO] ui.main_window: [UI] MainWindow 초기화 완료
2026-02-07 16:21:22,425 [INFO] plugins.data_source: Cybos index: KOSPI loaded 121 rows
2026-02-07 16:21:22,426 [INFO] plugins.screener: [SCREEN] 시작: 2025-08-11 ~ 2026-02-07, 풀=50, 선정=10
2026-02-07 16:21:22,459 [INFO] plugins.screener: [SCREEN] DB Level-0: 50개
2026-02-07 16:21:22,463 [INFO] plugins.screener: [SCREEN] 후보 50개 로드
2026-02-07 16:21:22,465 [INFO] plugins.screener: [SCREEN] KOSPI 지수 121행, 수익률 120행
2026-02-07 16:21:22,465 [INFO] plugins.screener: [SCREEN] 분석 중 1/50: 삼성전자(005930)
2026-02-07 16:21:22,476 [INFO] plugins.data_source: MySQL: 005930 loaded 121 rows (2025-08-11 ~ 2026-02-07)
2026-02-07 16:21:22,490 [INFO] plugins.data_source: MySQL: 000660 loaded 121 rows (2025-08-11 ~ 2026-02-07)
2026-02-07 16:21:22,503 [INFO] plugins.data_source: MySQL: 373220 loaded 121 rows (2025-08-11 ~ 2026-02-07)
2026-02-07 16:21:22,517 [INFO] plugins.data_source: MySQL: 005380 loaded 121 rows (2025-08-11 ~ 2026-02-07)
2026-02-07 16:21:22,530 [INFO] plugins.data_source: MySQL: 329180 loaded 121 rows (2025-08-11 ~ 2026-02-07)
2026-02-07 16:21:22,543 [INFO] plugins.data_source: MySQL: 012450 loaded 121 rows (2025-08-11 ~ 2026-02-07)
2026-02-07 16:21:22,556 [INFO] plugins.data_source: MySQL: 034020 loaded 121 rows (2025-08-11 ~ 2026-02-07)
2026-02-07 16:21:22,569 [INFO] plugins.data_source: MySQL: 105560 loaded 121 rows (2025-08-11 ~ 2026-02-07)
2026-02-07 16:21:22,590 [INFO] plugins.data_source: MySQL: 000270 loaded 124 rows (2025-08-11 ~ 2026-02-07)
2026-02-07 16:21:22,604 [INFO] plugins.data_source: MySQL: 068270 loaded 121 rows (2025-08-11 ~ 2026-02-07)
2026-02-07 16:21:22,608 [INFO] plugins.screener: [SCREEN] 분석 중 11/50: SK스퀘어(402340)
2026-02-07 16:21:22,617 [INFO] plugins.data_source: MySQL: 402340 loaded 121 rows (2025-08-11 ~ 2026-02-07)
2026-02-07 16:21:22,630 [INFO] plugins.data_source: MySQL: 035420 loaded 121 rows (2025-08-11 ~ 2026-02-07)
2026-02-07 16:21:22,643 [INFO] plugins.data_source: MySQL: 055550 loaded 121 rows (2025-08-11 ~ 2026-02-07)
2026-02-07 16:21:22,657 [INFO] plugins.data_source: MySQL: 028260 loaded 121 rows (2025-08-11 ~ 2026-02-07)
2026-02-07 16:21:22,670 [INFO] plugins.data_source: MySQL: 015760 loaded 121 rows (2025-08-11 ~ 2026-02-07)
2026-02-07 16:21:22,683 [INFO] plugins.data_source: MySQL: 009540 loaded 121 rows (2025-08-11 ~ 2026-02-07)
2026-02-07 16:21:22,695 [INFO] plugins.data_source: MySQL: 032830 loaded 118 rows (2025-08-11 ~ 2026-02-07)
2026-02-07 16:21:22,709 [INFO] plugins.data_source: MySQL: 267260 loaded 121 rows (2025-08-11 ~ 2026-02-07)
2026-02-07 16:21:22,724 [INFO] plugins.data_source: MySQL: 051910 loaded 121 rows (2025-08-11 ~ 2026-02-07)
2026-02-07 16:21:22,738 [INFO] plugins.data_source: MySQL: 012330 loaded 121 rows (2025-08-11 ~ 2026-02-07)
2026-02-07 16:21:22,743 [INFO] plugins.screener: [SCREEN] 분석 중 21/50: 카카오(035720)
2026-02-07 16:21:22,756 [INFO] plugins.data_source: MySQL: 035720 loaded 123 rows (2025-08-11 ~ 2026-02-07)
2026-02-07 16:21:22,771 [INFO] plugins.data_source: MySQL: 086790 loaded 121 rows (2025-08-11 ~ 2026-02-07)
2026-02-07 16:21:22,786 [INFO] plugins.data_source: MySQL: 006400 loaded 121 rows (2025-08-11 ~ 2026-02-07)
2026-02-07 16:21:22,800 [INFO] plugins.data_source: MySQL: 005490 loaded 121 rows (2025-08-11 ~ 2026-02-07)
2026-02-07 16:21:22,814 [INFO] plugins.data_source: MySQL: 010140 loaded 121 rows (2025-08-11 ~ 2026-02-07)
2026-02-07 16:21:22,827 [INFO] plugins.data_source: MySQL: 000810 loaded 121 rows (2025-08-11 ~ 2026-02-07)
2026-02-07 16:21:22,841 [INFO] plugins.data_source: MySQL: 064350 loaded 121 rows (2025-08-11 ~ 2026-02-07)
2026-02-07 16:21:22,855 [INFO] plugins.data_source: MySQL: 096770 loaded 121 rows (2025-08-11 ~ 2026-02-07)
2026-02-07 16:21:22,868 [INFO] plugins.data_source: MySQL: 298040 loaded 121 rows (2025-08-11 ~ 2026-02-07)
2026-02-07 16:21:22,881 [INFO] plugins.data_source: MySQL: 316140 loaded 121 rows (2025-08-11 ~ 2026-02-07)
2026-02-07 16:21:22,886 [INFO] plugins.screener: [SCREEN] 분석 중 31/50: 메리츠금융지주(138040)
2026-02-07 16:21:22,898 [INFO] plugins.data_source: MySQL: 138040 loaded 121 rows (2025-08-11 ~ 2026-02-07)
2026-02-07 16:21:22,911 [INFO] plugins.data_source: MySQL: 034730 loaded 121 rows (2025-08-11 ~ 2026-02-07)
2026-02-07 16:21:22,925 [INFO] plugins.data_source: MySQL: 003670 loaded 121 rows (2025-08-11 ~ 2026-02-07)
2026-02-07 16:21:22,938 [INFO] plugins.data_source: MySQL: 011200 loaded 123 rows (2025-08-11 ~ 2026-02-07)
2026-02-07 16:21:22,951 [INFO] plugins.data_source: MySQL: 033780 loaded 121 rows (2025-08-11 ~ 2026-02-07)
2026-02-07 16:21:22,965 [INFO] plugins.data_source: MySQL: 024110 loaded 118 rows (2025-08-11 ~ 2026-02-07)
2026-02-07 16:21:22,979 [INFO] plugins.data_source: MySQL: 000150 loaded 115 rows (2025-08-11 ~ 2026-02-07)
2026-02-07 16:21:22,993 [INFO] plugins.data_source: MySQL: 009150 loaded 121 rows (2025-08-11 ~ 2026-02-07)
2026-02-07 16:21:23,007 [INFO] plugins.data_source: MySQL: 066570 loaded 121 rows (2025-08-11 ~ 2026-02-07)
2026-02-07 16:21:23,020 [INFO] plugins.data_source: MySQL: 010120 loaded 121 rows (2025-08-11 ~ 2026-02-07)
2026-02-07 16:21:23,025 [INFO] plugins.screener: [SCREEN] 분석 중 41/50: 미래에셋증권(006800)
2026-02-07 16:21:23,035 [INFO] plugins.data_source: MySQL: 006800 loaded 121 rows (2025-08-11 ~ 2026-02-07)
2026-02-07 16:21:23,049 [INFO] plugins.data_source: MySQL: 018260 loaded 118 rows (2025-08-11 ~ 2026-02-07)
2026-02-07 16:21:23,062 [INFO] plugins.data_source: MySQL: 003550 loaded 121 rows (2025-08-11 ~ 2026-02-07)
2026-02-07 16:21:23,076 [INFO] plugins.data_source: MySQL: 259960 loaded 121 rows (2025-08-11 ~ 2026-02-07)
2026-02-07 16:21:23,089 [INFO] plugins.data_source: MySQL: 042700 loaded 121 rows (2025-08-11 ~ 2026-02-07)
2026-02-07 16:21:23,102 [INFO] plugins.data_source: MySQL: 030200 loaded 121 rows (2025-08-11 ~ 2026-02-07)
2026-02-07 16:21:23,115 [INFO] plugins.data_source: MySQL: 352820 loaded 121 rows (2025-08-11 ~ 2026-02-07)
2026-02-07 16:21:23,128 [INFO] plugins.data_source: MySQL: 086280 loaded 121 rows (2025-08-11 ~ 2026-02-07)
2026-02-07 16:21:23,142 [INFO] plugins.data_source: MySQL: 017670 loaded 121 rows (2025-08-11 ~ 2026-02-07)
2026-02-07 16:21:23,156 [INFO] plugins.data_source: MySQL: 047810 loaded 121 rows (2025-08-11 ~ 2026-02-07)
2026-02-07 16:21:23,160 [INFO] plugins.screener: [SCREEN] 최종 선정 10개
